<?xml version="1.0" encoding="UTF-8"?>
<TestRun id="27a067c1-7482-4cb7-965e-711ac0897560" name="dp@DP-PC-N56 2015-02-09 23:19:42" runUser="dp-PC-N56\dp" xmlns="http://microsoft.com/schemas/VisualStudio/TeamTest/2010">
  <TestSettings name="本地" id="21fc5d89-9aa6-4b8d-942b-50b89e886d9f">
    <Description>这些设置为本地测试运行的默认测试设置。</Description>
    <Deployment enabled="false" runDeploymentRoot="dp_DP-PC-N56 2015-02-09 23_19_42">
      <DeploymentItem filename="E:\董平\工作\工具集\代码\DPNetFx4\DP\Lib\log4net.dll" />
      <DeploymentItem filename="E:\董平\工作\工具集\代码\DPNetFx4\DP\Lib\Ionic.Zip.dll" />
      <DeploymentItem filename="E:\董平\工作\工具集\代码\DPNetFx4\DP\Entity\DP.Entity.Entity\bin\Debug\DP.Entity.Entity.dll" />
      <DeploymentItem filename="E:\董平\工作\工具集\代码\DPNetFx4\DP\Test\Core.DP.Test\bin\Debug\NPOI.dll" />
      <DeploymentItem filename="E:\董平\工作\工具集\代码\DPNetFx4\DP\Lib\Enyim.Caching.dll" />
      <DeploymentItem filename="E:\董平\工作\工具集\代码\DPNetFx4\DP\Core\DP\bin\Debug\DP.dll" />
      <DeploymentItem filename="E:\董平\工作\工具集\代码\DPNetFx4\DP\Lib\MemcachedProviders.dll" />
    </Deployment>
    <Execution>
      <TestTypeSpecific />
      <AgentRule name="Execution Agents">
      </AgentRule>
    </Execution>
  </TestSettings>
  <Times creation="2015-02-09T23:19:42.8117027+08:00" queuing="2015-02-09T23:19:44.5283802+08:00" start="2015-02-09T23:19:44.6270841+08:00" finish="2015-02-09T23:19:49.4464543+08:00" />
  <ResultSummary outcome="Failed">
    <Counters total="84" executed="84" passed="8" error="0" failed="76" timeout="0" aborted="0" inconclusive="0" passedButRunAborted="0" notRunnable="0" notExecuted="0" disconnected="0" warning="0" completed="0" inProgress="0" pending="0" />
  </ResultSummary>
  <TestDefinitions>
    <UnitTest name="GetMinValueTest2" storage="e:\董平\工作\工具集\代码\dpnetfx4\dp\test\core.dp.test\bin\debug\core.dp.test.dll" id="eb66a7aa-fc50-3163-9ffc-73e9c7365279">
      <Execution id="4114fd83-157e-426e-9893-c220082ac28d" />
      <TestMethod codeBase="E:/董平/工作/工具集/代码/DPNetFx4/DP/Test/Core.DP.Test/bin/Debug/Core.DP.Test.DLL" adapterTypeName="Microsoft.VisualStudio.TestTools.TestTypes.Unit.UnitTestAdapter, Microsoft.VisualStudio.QualityTools.Tips.UnitTest.Adapter, Version=10.0.0.0, Culture=neutral, PublicKeyToken=b03f5f7f11d50a3a" className="Core.DP.Test.SqlServerDALTest, Core.DP.Test, Version=1.0.0.0, Culture=neutral, PublicKeyToken=null" name="GetMinValueTest2" />
    </UnitTest>
    <UnitTest name="IsExistTableTest" storage="e:\董平\工作\工具集\代码\dpnetfx4\dp\test\core.dp.test\bin\debug\core.dp.test.dll" id="1123c80a-f1d7-76bc-3deb-4af1b6fd405d">
      <Execution id="2e9056d4-d2fe-4475-8663-092cd4c6ab7e" />
      <TestMethod codeBase="E:/董平/工作/工具集/代码/DPNetFx4/DP/Test/Core.DP.Test/bin/Debug/Core.DP.Test.DLL" adapterTypeName="Microsoft.VisualStudio.TestTools.TestTypes.Unit.UnitTestAdapter, Microsoft.VisualStudio.QualityTools.Tips.UnitTest.Adapter, Version=10.0.0.0, Culture=neutral, PublicKeyToken=b03f5f7f11d50a3a" className="Core.DP.Test.SqlServerDALTest, Core.DP.Test, Version=1.0.0.0, Culture=neutral, PublicKeyToken=null" name="IsExistTableTest" />
    </UnitTest>
    <UnitTest name="IsExistTest1" storage="e:\董平\工作\工具集\代码\dpnetfx4\dp\test\core.dp.test\bin\debug\core.dp.test.dll" id="b16c953e-69d5-ea65-0149-745e4b00b03e">
      <Execution id="70d3adbc-e7a0-4f0a-80a6-dfe01c4ad41a" />
      <TestMethod codeBase="E:/董平/工作/工具集/代码/DPNetFx4/DP/Test/Core.DP.Test/bin/Debug/Core.DP.Test.DLL" adapterTypeName="Microsoft.VisualStudio.TestTools.TestTypes.Unit.UnitTestAdapter, Microsoft.VisualStudio.QualityTools.Tips.UnitTest.Adapter, Version=10.0.0.0, Culture=neutral, PublicKeyToken=b03f5f7f11d50a3a" className="Core.DP.Test.SqlServerDALTest, Core.DP.Test, Version=1.0.0.0, Culture=neutral, PublicKeyToken=null" name="IsExistTest1" />
    </UnitTest>
    <UnitTest name="IsExistTest3" storage="e:\董平\工作\工具集\代码\dpnetfx4\dp\test\core.dp.test\bin\debug\core.dp.test.dll" id="dd42bb43-506a-1659-d320-4e8205a1dd62">
      <Execution id="9abe3b0b-3185-4026-abd7-d2430936420f" />
      <TestMethod codeBase="E:/董平/工作/工具集/代码/DPNetFx4/DP/Test/Core.DP.Test/bin/Debug/Core.DP.Test.DLL" adapterTypeName="Microsoft.VisualStudio.TestTools.TestTypes.Unit.UnitTestAdapter, Microsoft.VisualStudio.QualityTools.Tips.UnitTest.Adapter, Version=10.0.0.0, Culture=neutral, PublicKeyToken=b03f5f7f11d50a3a" className="Core.DP.Test.SqlServerDALTest, Core.DP.Test, Version=1.0.0.0, Culture=neutral, PublicKeyToken=null" name="IsExistTest3" />
    </UnitTest>
    <UnitTest name="GetDistinctTableTest3" storage="e:\董平\工作\工具集\代码\dpnetfx4\dp\test\core.dp.test\bin\debug\core.dp.test.dll" id="526ae0dc-da90-97a2-d691-30d13f8207c9">
      <Execution id="8e6cf6ea-2ce3-45f4-8164-0b986c78b35b" />
      <TestMethod codeBase="E:/董平/工作/工具集/代码/DPNetFx4/DP/Test/Core.DP.Test/bin/Debug/Core.DP.Test.DLL" adapterTypeName="Microsoft.VisualStudio.TestTools.TestTypes.Unit.UnitTestAdapter, Microsoft.VisualStudio.QualityTools.Tips.UnitTest.Adapter, Version=10.0.0.0, Culture=neutral, PublicKeyToken=b03f5f7f11d50a3a" className="Core.DP.Test.SqlServerDALTest, Core.DP.Test, Version=1.0.0.0, Culture=neutral, PublicKeyToken=null" name="GetDistinctTableTest3" />
    </UnitTest>
    <UnitTest name="GetFieldListTest1" storage="e:\董平\工作\工具集\代码\dpnetfx4\dp\test\core.dp.test\bin\debug\core.dp.test.dll" id="279bc2eb-dbe3-f770-05f1-faef152c24cc">
      <Execution id="c94e5bfa-1824-4a40-b905-c60df7f44a4d" />
      <TestMethod codeBase="E:/董平/工作/工具集/代码/DPNetFx4/DP/Test/Core.DP.Test/bin/Debug/Core.DP.Test.DLL" adapterTypeName="Microsoft.VisualStudio.TestTools.TestTypes.Unit.UnitTestAdapter, Microsoft.VisualStudio.QualityTools.Tips.UnitTest.Adapter, Version=10.0.0.0, Culture=neutral, PublicKeyToken=b03f5f7f11d50a3a" className="Core.DP.Test.SqlServerDALTest, Core.DP.Test, Version=1.0.0.0, Culture=neutral, PublicKeyToken=null" name="GetFieldListTest1" />
    </UnitTest>
    <UnitTest name="ExecuteSQLTest1" storage="e:\董平\工作\工具集\代码\dpnetfx4\dp\test\core.dp.test\bin\debug\core.dp.test.dll" id="b2fc2337-87a9-7c14-1d03-e2f9058ff238">
      <Execution id="a192811b-e5a6-49d7-b119-ea9248255a36" />
      <TestMethod codeBase="E:/董平/工作/工具集/代码/DPNetFx4/DP/Test/Core.DP.Test/bin/Debug/Core.DP.Test.DLL" adapterTypeName="Microsoft.VisualStudio.TestTools.TestTypes.Unit.UnitTestAdapter, Microsoft.VisualStudio.QualityTools.Tips.UnitTest.Adapter, Version=10.0.0.0, Culture=neutral, PublicKeyToken=b03f5f7f11d50a3a" className="Core.DP.Test.SqlServerDALTest, Core.DP.Test, Version=1.0.0.0, Culture=neutral, PublicKeyToken=null" name="ExecuteSQLTest1" />
    </UnitTest>
    <UnitTest name="DeleteTest5" storage="e:\董平\工作\工具集\代码\dpnetfx4\dp\test\core.dp.test\bin\debug\core.dp.test.dll" id="6a2322ec-0c3e-dba0-3e85-ede239c76481">
      <Execution id="bcaf716e-a6cf-42f5-9b17-8ff21abf2cb9" />
      <TestMethod codeBase="E:/董平/工作/工具集/代码/DPNetFx4/DP/Test/Core.DP.Test/bin/Debug/Core.DP.Test.DLL" adapterTypeName="Microsoft.VisualStudio.TestTools.TestTypes.Unit.UnitTestAdapter, Microsoft.VisualStudio.QualityTools.Tips.UnitTest.Adapter, Version=10.0.0.0, Culture=neutral, PublicKeyToken=b03f5f7f11d50a3a" className="Core.DP.Test.SqlServerDALTest, Core.DP.Test, Version=1.0.0.0, Culture=neutral, PublicKeyToken=null" name="DeleteTest5" />
    </UnitTest>
    <UnitTest name="ExecuteSQLTest6" storage="e:\董平\工作\工具集\代码\dpnetfx4\dp\test\core.dp.test\bin\debug\core.dp.test.dll" id="a7a9cf29-548c-ff39-f528-45c68fbccbab">
      <Execution id="eb21a02f-152e-4921-9d97-4d060ddaf53c" />
      <TestMethod codeBase="E:/董平/工作/工具集/代码/DPNetFx4/DP/Test/Core.DP.Test/bin/Debug/Core.DP.Test.DLL" adapterTypeName="Microsoft.VisualStudio.TestTools.TestTypes.Unit.UnitTestAdapter, Microsoft.VisualStudio.QualityTools.Tips.UnitTest.Adapter, Version=10.0.0.0, Culture=neutral, PublicKeyToken=b03f5f7f11d50a3a" className="Core.DP.Test.SqlServerDALTest, Core.DP.Test, Version=1.0.0.0, Culture=neutral, PublicKeyToken=null" name="ExecuteSQLTest6" />
    </UnitTest>
    <UnitTest name="GetViewListTest" storage="e:\董平\工作\工具集\代码\dpnetfx4\dp\test\core.dp.test\bin\debug\core.dp.test.dll" id="0efa00b8-a9b9-fca0-a714-6a068f415846">
      <Execution id="686f5a87-fa9a-40c5-8360-93a0c8e9ac6a" />
      <TestMethod codeBase="E:/董平/工作/工具集/代码/DPNetFx4/DP/Test/Core.DP.Test/bin/Debug/Core.DP.Test.DLL" adapterTypeName="Microsoft.VisualStudio.TestTools.TestTypes.Unit.UnitTestAdapter, Microsoft.VisualStudio.QualityTools.Tips.UnitTest.Adapter, Version=10.0.0.0, Culture=neutral, PublicKeyToken=b03f5f7f11d50a3a" className="Core.DP.Test.SqlServerDALTest, Core.DP.Test, Version=1.0.0.0, Culture=neutral, PublicKeyToken=null" name="GetViewListTest" />
    </UnitTest>
    <UnitTest name="UpdateTest1" storage="e:\董平\工作\工具集\代码\dpnetfx4\dp\test\core.dp.test\bin\debug\core.dp.test.dll" id="a8b7d46d-5067-7eaa-7ea8-16fd6c9e697d">
      <Execution id="586e1a7f-3518-4b98-9fa5-61ab486d90af" />
      <TestMethod codeBase="E:/董平/工作/工具集/代码/DPNetFx4/DP/Test/Core.DP.Test/bin/Debug/Core.DP.Test.DLL" adapterTypeName="Microsoft.VisualStudio.TestTools.TestTypes.Unit.UnitTestAdapter, Microsoft.VisualStudio.QualityTools.Tips.UnitTest.Adapter, Version=10.0.0.0, Culture=neutral, PublicKeyToken=b03f5f7f11d50a3a" className="Core.DP.Test.SqlServerDALTest, Core.DP.Test, Version=1.0.0.0, Culture=neutral, PublicKeyToken=null" name="UpdateTest1" />
    </UnitTest>
    <UnitTest name="GetTableListTest" storage="e:\董平\工作\工具集\代码\dpnetfx4\dp\test\core.dp.test\bin\debug\core.dp.test.dll" id="263b08ba-35d3-ef05-03fc-c021bdc8c100">
      <Execution id="74bff4df-5793-4521-b39f-1f202f4edbce" />
      <TestMethod codeBase="E:/董平/工作/工具集/代码/DPNetFx4/DP/Test/Core.DP.Test/bin/Debug/Core.DP.Test.DLL" adapterTypeName="Microsoft.VisualStudio.TestTools.TestTypes.Unit.UnitTestAdapter, Microsoft.VisualStudio.QualityTools.Tips.UnitTest.Adapter, Version=10.0.0.0, Culture=neutral, PublicKeyToken=b03f5f7f11d50a3a" className="Core.DP.Test.SqlServerDALTest, Core.DP.Test, Version=1.0.0.0, Culture=neutral, PublicKeyToken=null" name="GetTableListTest" />
    </UnitTest>
    <UnitTest name="GetDistinctCountTest2" storage="e:\董平\工作\工具集\代码\dpnetfx4\dp\test\core.dp.test\bin\debug\core.dp.test.dll" id="dd4ae5fe-224a-9d72-6035-b9eee4f92bfc">
      <Execution id="8d06bc2f-960c-478f-83e6-cd94043a538e" />
      <TestMethod codeBase="E:/董平/工作/工具集/代码/DPNetFx4/DP/Test/Core.DP.Test/bin/Debug/Core.DP.Test.DLL" adapterTypeName="Microsoft.VisualStudio.TestTools.TestTypes.Unit.UnitTestAdapter, Microsoft.VisualStudio.QualityTools.Tips.UnitTest.Adapter, Version=10.0.0.0, Culture=neutral, PublicKeyToken=b03f5f7f11d50a3a" className="Core.DP.Test.SqlServerDALTest, Core.DP.Test, Version=1.0.0.0, Culture=neutral, PublicKeyToken=null" name="GetDistinctCountTest2" />
    </UnitTest>
    <UnitTest name="InsertTest3" storage="e:\董平\工作\工具集\代码\dpnetfx4\dp\test\core.dp.test\bin\debug\core.dp.test.dll" id="8188b37a-d615-a042-a7de-12a084176125">
      <Execution id="bd798be6-2bf8-4707-948c-0841d32331d8" />
      <TestMethod codeBase="E:/董平/工作/工具集/代码/DPNetFx4/DP/Test/Core.DP.Test/bin/Debug/Core.DP.Test.DLL" adapterTypeName="Microsoft.VisualStudio.TestTools.TestTypes.Unit.UnitTestAdapter, Microsoft.VisualStudio.QualityTools.Tips.UnitTest.Adapter, Version=10.0.0.0, Culture=neutral, PublicKeyToken=b03f5f7f11d50a3a" className="Core.DP.Test.SqlServerDALTest, Core.DP.Test, Version=1.0.0.0, Culture=neutral, PublicKeyToken=null" name="InsertTest3" />
    </UnitTest>
    <UnitTest name="GetMinValueTest1" storage="e:\董平\工作\工具集\代码\dpnetfx4\dp\test\core.dp.test\bin\debug\core.dp.test.dll" id="de9522e3-6c93-1213-15e9-390b2538f9a5">
      <Execution id="df669166-b442-43e6-9135-675ebfc72630" />
      <TestMethod codeBase="E:/董平/工作/工具集/代码/DPNetFx4/DP/Test/Core.DP.Test/bin/Debug/Core.DP.Test.DLL" adapterTypeName="Microsoft.VisualStudio.TestTools.TestTypes.Unit.UnitTestAdapter, Microsoft.VisualStudio.QualityTools.Tips.UnitTest.Adapter, Version=10.0.0.0, Culture=neutral, PublicKeyToken=b03f5f7f11d50a3a" className="Core.DP.Test.SqlServerDALTest, Core.DP.Test, Version=1.0.0.0, Culture=neutral, PublicKeyToken=null" name="GetMinValueTest1" />
    </UnitTest>
    <UnitTest name="InsertTest4" storage="e:\董平\工作\工具集\代码\dpnetfx4\dp\test\core.dp.test\bin\debug\core.dp.test.dll" id="1e00c320-e685-4a56-3b7f-6f0c0e382adf">
      <Execution id="d8ad86df-9a64-41ef-bc57-7936fd6181a9" />
      <TestMethod codeBase="E:/董平/工作/工具集/代码/DPNetFx4/DP/Test/Core.DP.Test/bin/Debug/Core.DP.Test.DLL" adapterTypeName="Microsoft.VisualStudio.TestTools.TestTypes.Unit.UnitTestAdapter, Microsoft.VisualStudio.QualityTools.Tips.UnitTest.Adapter, Version=10.0.0.0, Culture=neutral, PublicKeyToken=b03f5f7f11d50a3a" className="Core.DP.Test.SqlServerDALTest, Core.DP.Test, Version=1.0.0.0, Culture=neutral, PublicKeyToken=null" name="InsertTest4" />
    </UnitTest>
    <UnitTest name="UpdateTest8" storage="e:\董平\工作\工具集\代码\dpnetfx4\dp\test\core.dp.test\bin\debug\core.dp.test.dll" id="1517d4b5-033f-ce04-31ff-15e521e83ac0">
      <Execution id="facf3925-a58d-4eb9-b3e4-bad03d79ab23" />
      <TestMethod codeBase="E:/董平/工作/工具集/代码/DPNetFx4/DP/Test/Core.DP.Test/bin/Debug/Core.DP.Test.DLL" adapterTypeName="Microsoft.VisualStudio.TestTools.TestTypes.Unit.UnitTestAdapter, Microsoft.VisualStudio.QualityTools.Tips.UnitTest.Adapter, Version=10.0.0.0, Culture=neutral, PublicKeyToken=b03f5f7f11d50a3a" className="Core.DP.Test.SqlServerDALTest, Core.DP.Test, Version=1.0.0.0, Culture=neutral, PublicKeyToken=null" name="UpdateTest8" />
    </UnitTest>
    <UnitTest name="GetDistinctTableTest2" storage="e:\董平\工作\工具集\代码\dpnetfx4\dp\test\core.dp.test\bin\debug\core.dp.test.dll" id="644dad0e-62b4-832f-0d28-dc5aa5e91900">
      <Execution id="91b6934e-57a1-41af-afe3-cec5ad9954f6" />
      <TestMethod codeBase="E:/董平/工作/工具集/代码/DPNetFx4/DP/Test/Core.DP.Test/bin/Debug/Core.DP.Test.DLL" adapterTypeName="Microsoft.VisualStudio.TestTools.TestTypes.Unit.UnitTestAdapter, Microsoft.VisualStudio.QualityTools.Tips.UnitTest.Adapter, Version=10.0.0.0, Culture=neutral, PublicKeyToken=b03f5f7f11d50a3a" className="Core.DP.Test.SqlServerDALTest, Core.DP.Test, Version=1.0.0.0, Culture=neutral, PublicKeyToken=null" name="GetDistinctTableTest2" />
    </UnitTest>
    <UnitTest name="DeleteTest3" storage="e:\董平\工作\工具集\代码\dpnetfx4\dp\test\core.dp.test\bin\debug\core.dp.test.dll" id="71f84f47-5bdf-9ee1-7e12-9a95c1cbf9f1">
      <Execution id="7f972d2b-5655-454a-b61d-18ed5bf54fa8" />
      <TestMethod codeBase="E:/董平/工作/工具集/代码/DPNetFx4/DP/Test/Core.DP.Test/bin/Debug/Core.DP.Test.DLL" adapterTypeName="Microsoft.VisualStudio.TestTools.TestTypes.Unit.UnitTestAdapter, Microsoft.VisualStudio.QualityTools.Tips.UnitTest.Adapter, Version=10.0.0.0, Culture=neutral, PublicKeyToken=b03f5f7f11d50a3a" className="Core.DP.Test.SqlServerDALTest, Core.DP.Test, Version=1.0.0.0, Culture=neutral, PublicKeyToken=null" name="DeleteTest3" />
    </UnitTest>
    <UnitTest name="IsExistFieldTest1" storage="e:\董平\工作\工具集\代码\dpnetfx4\dp\test\core.dp.test\bin\debug\core.dp.test.dll" id="4fd5d11c-5952-690f-aaa8-59db8260e51c">
      <Execution id="0113210c-9c6f-4e70-bad1-6c04d68197ad" />
      <TestMethod codeBase="E:/董平/工作/工具集/代码/DPNetFx4/DP/Test/Core.DP.Test/bin/Debug/Core.DP.Test.DLL" adapterTypeName="Microsoft.VisualStudio.TestTools.TestTypes.Unit.UnitTestAdapter, Microsoft.VisualStudio.QualityTools.Tips.UnitTest.Adapter, Version=10.0.0.0, Culture=neutral, PublicKeyToken=b03f5f7f11d50a3a" className="Core.DP.Test.SqlServerDALTest, Core.DP.Test, Version=1.0.0.0, Culture=neutral, PublicKeyToken=null" name="IsExistFieldTest1" />
    </UnitTest>
    <UnitTest name="ExecuteScalarSQLTest" storage="e:\董平\工作\工具集\代码\dpnetfx4\dp\test\core.dp.test\bin\debug\core.dp.test.dll" id="3449baac-4349-da6f-fbc0-447477cf16e8">
      <Execution id="46c63ae5-65b4-4f94-816b-120de5dee0b9" />
      <TestMethod codeBase="E:/董平/工作/工具集/代码/DPNetFx4/DP/Test/Core.DP.Test/bin/Debug/Core.DP.Test.DLL" adapterTypeName="Microsoft.VisualStudio.TestTools.TestTypes.Unit.UnitTestAdapter, Microsoft.VisualStudio.QualityTools.Tips.UnitTest.Adapter, Version=10.0.0.0, Culture=neutral, PublicKeyToken=b03f5f7f11d50a3a" className="Core.DP.Test.SqlServerDALTest, Core.DP.Test, Version=1.0.0.0, Culture=neutral, PublicKeyToken=null" name="ExecuteScalarSQLTest" />
    </UnitTest>
    <UnitTest name="GetFieldListTest" storage="e:\董平\工作\工具集\代码\dpnetfx4\dp\test\core.dp.test\bin\debug\core.dp.test.dll" id="755e977c-c625-3f78-04f4-053dd1231b27">
      <Execution id="364833f6-3d8e-42f9-ae13-e7c32b416212" />
      <TestMethod codeBase="E:/董平/工作/工具集/代码/DPNetFx4/DP/Test/Core.DP.Test/bin/Debug/Core.DP.Test.DLL" adapterTypeName="Microsoft.VisualStudio.TestTools.TestTypes.Unit.UnitTestAdapter, Microsoft.VisualStudio.QualityTools.Tips.UnitTest.Adapter, Version=10.0.0.0, Culture=neutral, PublicKeyToken=b03f5f7f11d50a3a" className="Core.DP.Test.SqlServerDALTest, Core.DP.Test, Version=1.0.0.0, Culture=neutral, PublicKeyToken=null" name="GetFieldListTest" />
    </UnitTest>
    <UnitTest name="IsExistTest2" storage="e:\董平\工作\工具集\代码\dpnetfx4\dp\test\core.dp.test\bin\debug\core.dp.test.dll" id="1d6e71c5-9d5d-0012-c350-260aa3d14586">
      <Execution id="cd9d8bbb-746d-4ca3-b2b0-2dfd66a8c7f0" />
      <TestMethod codeBase="E:/董平/工作/工具集/代码/DPNetFx4/DP/Test/Core.DP.Test/bin/Debug/Core.DP.Test.DLL" adapterTypeName="Microsoft.VisualStudio.TestTools.TestTypes.Unit.UnitTestAdapter, Microsoft.VisualStudio.QualityTools.Tips.UnitTest.Adapter, Version=10.0.0.0, Culture=neutral, PublicKeyToken=b03f5f7f11d50a3a" className="Core.DP.Test.SqlServerDALTest, Core.DP.Test, Version=1.0.0.0, Culture=neutral, PublicKeyToken=null" name="IsExistTest2" />
    </UnitTest>
    <UnitTest name="IsExistTest" storage="e:\董平\工作\工具集\代码\dpnetfx4\dp\test\core.dp.test\bin\debug\core.dp.test.dll" id="de29d5e0-637a-ed73-f313-ade2ca110006">
      <Execution id="3dc7f827-77a1-4fa8-b208-828203fdf94f" />
      <TestMethod codeBase="E:/董平/工作/工具集/代码/DPNetFx4/DP/Test/Core.DP.Test/bin/Debug/Core.DP.Test.DLL" adapterTypeName="Microsoft.VisualStudio.TestTools.TestTypes.Unit.UnitTestAdapter, Microsoft.VisualStudio.QualityTools.Tips.UnitTest.Adapter, Version=10.0.0.0, Culture=neutral, PublicKeyToken=b03f5f7f11d50a3a" className="Core.DP.Test.SqlServerDALTest, Core.DP.Test, Version=1.0.0.0, Culture=neutral, PublicKeyToken=null" name="IsExistTest" />
    </UnitTest>
    <UnitTest name="ExecuteScalarSQLTest5" storage="e:\董平\工作\工具集\代码\dpnetfx4\dp\test\core.dp.test\bin\debug\core.dp.test.dll" id="e0899df6-796c-3b6c-9ea3-535ec4bebd91">
      <Execution id="b990a610-f564-4e64-9bcb-a52e508e4a78" />
      <TestMethod codeBase="E:/董平/工作/工具集/代码/DPNetFx4/DP/Test/Core.DP.Test/bin/Debug/Core.DP.Test.DLL" adapterTypeName="Microsoft.VisualStudio.TestTools.TestTypes.Unit.UnitTestAdapter, Microsoft.VisualStudio.QualityTools.Tips.UnitTest.Adapter, Version=10.0.0.0, Culture=neutral, PublicKeyToken=b03f5f7f11d50a3a" className="Core.DP.Test.SqlServerDALTest, Core.DP.Test, Version=1.0.0.0, Culture=neutral, PublicKeyToken=null" name="ExecuteScalarSQLTest5" />
    </UnitTest>
    <UnitTest name="DeleteTest4" storage="e:\董平\工作\工具集\代码\dpnetfx4\dp\test\core.dp.test\bin\debug\core.dp.test.dll" id="4d3261e9-f156-eede-ba4f-f2164a562a19">
      <Execution id="26b96b67-5777-4386-8687-420e83c1a08b" />
      <TestMethod codeBase="E:/董平/工作/工具集/代码/DPNetFx4/DP/Test/Core.DP.Test/bin/Debug/Core.DP.Test.DLL" adapterTypeName="Microsoft.VisualStudio.TestTools.TestTypes.Unit.UnitTestAdapter, Microsoft.VisualStudio.QualityTools.Tips.UnitTest.Adapter, Version=10.0.0.0, Culture=neutral, PublicKeyToken=b03f5f7f11d50a3a" className="Core.DP.Test.SqlServerDALTest, Core.DP.Test, Version=1.0.0.0, Culture=neutral, PublicKeyToken=null" name="DeleteTest4" />
    </UnitTest>
    <UnitTest name="DeleteTest2" storage="e:\董平\工作\工具集\代码\dpnetfx4\dp\test\core.dp.test\bin\debug\core.dp.test.dll" id="b793ef8d-0a29-83cf-d7f8-c6d258484b9b">
      <Execution id="c7dd945c-8ea0-4ab4-9c02-fcf91e0eb1d7" />
      <TestMethod codeBase="E:/董平/工作/工具集/代码/DPNetFx4/DP/Test/Core.DP.Test/bin/Debug/Core.DP.Test.DLL" adapterTypeName="Microsoft.VisualStudio.TestTools.TestTypes.Unit.UnitTestAdapter, Microsoft.VisualStudio.QualityTools.Tips.UnitTest.Adapter, Version=10.0.0.0, Culture=neutral, PublicKeyToken=b03f5f7f11d50a3a" className="Core.DP.Test.SqlServerDALTest, Core.DP.Test, Version=1.0.0.0, Culture=neutral, PublicKeyToken=null" name="DeleteTest2" />
    </UnitTest>
    <UnitTest name="GetDistinctCountTest1" storage="e:\董平\工作\工具集\代码\dpnetfx4\dp\test\core.dp.test\bin\debug\core.dp.test.dll" id="ba5616fb-fc77-6945-56ef-e08d0b7bade1">
      <Execution id="a978e7e6-4ca1-4ead-84d6-8fa6b7418610" />
      <TestMethod codeBase="E:/董平/工作/工具集/代码/DPNetFx4/DP/Test/Core.DP.Test/bin/Debug/Core.DP.Test.DLL" adapterTypeName="Microsoft.VisualStudio.TestTools.TestTypes.Unit.UnitTestAdapter, Microsoft.VisualStudio.QualityTools.Tips.UnitTest.Adapter, Version=10.0.0.0, Culture=neutral, PublicKeyToken=b03f5f7f11d50a3a" className="Core.DP.Test.SqlServerDALTest, Core.DP.Test, Version=1.0.0.0, Culture=neutral, PublicKeyToken=null" name="GetDistinctCountTest1" />
    </UnitTest>
    <UnitTest name="ExecuteScalarSQLTest4" storage="e:\董平\工作\工具集\代码\dpnetfx4\dp\test\core.dp.test\bin\debug\core.dp.test.dll" id="9f47b0ac-9d97-7dc0-df7a-bd4e8e68365a">
      <Execution id="28b764c9-d36a-490c-a1ce-d1c495e249bf" />
      <TestMethod codeBase="E:/董平/工作/工具集/代码/DPNetFx4/DP/Test/Core.DP.Test/bin/Debug/Core.DP.Test.DLL" adapterTypeName="Microsoft.VisualStudio.TestTools.TestTypes.Unit.UnitTestAdapter, Microsoft.VisualStudio.QualityTools.Tips.UnitTest.Adapter, Version=10.0.0.0, Culture=neutral, PublicKeyToken=b03f5f7f11d50a3a" className="Core.DP.Test.SqlServerDALTest, Core.DP.Test, Version=1.0.0.0, Culture=neutral, PublicKeyToken=null" name="ExecuteScalarSQLTest4" />
    </UnitTest>
    <UnitTest name="IsExistFieldTest" storage="e:\董平\工作\工具集\代码\dpnetfx4\dp\test\core.dp.test\bin\debug\core.dp.test.dll" id="8678b94d-d4b8-39e9-adf8-369cd405bd9b">
      <Execution id="19ea1889-f0be-4520-bdad-67d937e4ff79" />
      <TestMethod codeBase="E:/董平/工作/工具集/代码/DPNetFx4/DP/Test/Core.DP.Test/bin/Debug/Core.DP.Test.DLL" adapterTypeName="Microsoft.VisualStudio.TestTools.TestTypes.Unit.UnitTestAdapter, Microsoft.VisualStudio.QualityTools.Tips.UnitTest.Adapter, Version=10.0.0.0, Culture=neutral, PublicKeyToken=b03f5f7f11d50a3a" className="Core.DP.Test.SqlServerDALTest, Core.DP.Test, Version=1.0.0.0, Culture=neutral, PublicKeyToken=null" name="IsExistFieldTest" />
    </UnitTest>
    <UnitTest name="GetDistinctCountTest" storage="e:\董平\工作\工具集\代码\dpnetfx4\dp\test\core.dp.test\bin\debug\core.dp.test.dll" id="92975167-0aaf-36fa-4b84-9fe073e1745e">
      <Execution id="d3948fcc-c06c-415e-b84d-99d26e642ba6" />
      <TestMethod codeBase="E:/董平/工作/工具集/代码/DPNetFx4/DP/Test/Core.DP.Test/bin/Debug/Core.DP.Test.DLL" adapterTypeName="Microsoft.VisualStudio.TestTools.TestTypes.Unit.UnitTestAdapter, Microsoft.VisualStudio.QualityTools.Tips.UnitTest.Adapter, Version=10.0.0.0, Culture=neutral, PublicKeyToken=b03f5f7f11d50a3a" className="Core.DP.Test.SqlServerDALTest, Core.DP.Test, Version=1.0.0.0, Culture=neutral, PublicKeyToken=null" name="GetDistinctCountTest" />
    </UnitTest>
    <UnitTest name="ExecuteDataAdapterSQLTest1" storage="e:\董平\工作\工具集\代码\dpnetfx4\dp\test\core.dp.test\bin\debug\core.dp.test.dll" id="dbb289b0-8f4e-42b6-1a21-a1a476b4946f">
      <Execution id="35724dfc-3d38-46ee-b4cc-0cc33f7a137f" />
      <TestMethod codeBase="E:/董平/工作/工具集/代码/DPNetFx4/DP/Test/Core.DP.Test/bin/Debug/Core.DP.Test.DLL" adapterTypeName="Microsoft.VisualStudio.TestTools.TestTypes.Unit.UnitTestAdapter, Microsoft.VisualStudio.QualityTools.Tips.UnitTest.Adapter, Version=10.0.0.0, Culture=neutral, PublicKeyToken=b03f5f7f11d50a3a" className="Core.DP.Test.SqlServerDALTest, Core.DP.Test, Version=1.0.0.0, Culture=neutral, PublicKeyToken=null" name="ExecuteDataAdapterSQLTest1" />
    </UnitTest>
    <UnitTest name="UpdateTest2" storage="e:\董平\工作\工具集\代码\dpnetfx4\dp\test\core.dp.test\bin\debug\core.dp.test.dll" id="08c8eedc-4d64-9c0c-2469-927e91031f48">
      <Execution id="86bf7dc5-8bbd-4ea5-a075-5eeb901a6efb" />
      <TestMethod codeBase="E:/董平/工作/工具集/代码/DPNetFx4/DP/Test/Core.DP.Test/bin/Debug/Core.DP.Test.DLL" adapterTypeName="Microsoft.VisualStudio.TestTools.TestTypes.Unit.UnitTestAdapter, Microsoft.VisualStudio.QualityTools.Tips.UnitTest.Adapter, Version=10.0.0.0, Culture=neutral, PublicKeyToken=b03f5f7f11d50a3a" className="Core.DP.Test.SqlServerDALTest, Core.DP.Test, Version=1.0.0.0, Culture=neutral, PublicKeyToken=null" name="UpdateTest2" />
    </UnitTest>
    <UnitTest name="GetCountTest" storage="e:\董平\工作\工具集\代码\dpnetfx4\dp\test\core.dp.test\bin\debug\core.dp.test.dll" id="83a285c1-aff1-4d3a-7706-7b02e2b9b385">
      <Execution id="ec04acd5-8d43-4cc8-9732-b7266e1dcdf2" />
      <TestMethod codeBase="E:/董平/工作/工具集/代码/DPNetFx4/DP/Test/Core.DP.Test/bin/Debug/Core.DP.Test.DLL" adapterTypeName="Microsoft.VisualStudio.TestTools.TestTypes.Unit.UnitTestAdapter, Microsoft.VisualStudio.QualityTools.Tips.UnitTest.Adapter, Version=10.0.0.0, Culture=neutral, PublicKeyToken=b03f5f7f11d50a3a" className="Core.DP.Test.SqlServerDALTest, Core.DP.Test, Version=1.0.0.0, Culture=neutral, PublicKeyToken=null" name="GetCountTest" />
    </UnitTest>
    <UnitTest name="GetMinValueTest3" storage="e:\董平\工作\工具集\代码\dpnetfx4\dp\test\core.dp.test\bin\debug\core.dp.test.dll" id="0627e0eb-8058-15e5-49bd-e78ec49f09ee">
      <Execution id="ca5806f7-838a-4586-bbaf-bce55f4a7def" />
      <TestMethod codeBase="E:/董平/工作/工具集/代码/DPNetFx4/DP/Test/Core.DP.Test/bin/Debug/Core.DP.Test.DLL" adapterTypeName="Microsoft.VisualStudio.TestTools.TestTypes.Unit.UnitTestAdapter, Microsoft.VisualStudio.QualityTools.Tips.UnitTest.Adapter, Version=10.0.0.0, Culture=neutral, PublicKeyToken=b03f5f7f11d50a3a" className="Core.DP.Test.SqlServerDALTest, Core.DP.Test, Version=1.0.0.0, Culture=neutral, PublicKeyToken=null" name="GetMinValueTest3" />
    </UnitTest>
    <UnitTest name="InsertTest1" storage="e:\董平\工作\工具集\代码\dpnetfx4\dp\test\core.dp.test\bin\debug\core.dp.test.dll" id="ec9a1c78-46cb-68f7-2fa0-80a818d4fd7f">
      <Execution id="75d424dd-d10e-4e2d-ae22-e5f380c7cf4a" />
      <TestMethod codeBase="E:/董平/工作/工具集/代码/DPNetFx4/DP/Test/Core.DP.Test/bin/Debug/Core.DP.Test.DLL" adapterTypeName="Microsoft.VisualStudio.TestTools.TestTypes.Unit.UnitTestAdapter, Microsoft.VisualStudio.QualityTools.Tips.UnitTest.Adapter, Version=10.0.0.0, Culture=neutral, PublicKeyToken=b03f5f7f11d50a3a" className="Core.DP.Test.SqlServerDALTest, Core.DP.Test, Version=1.0.0.0, Culture=neutral, PublicKeyToken=null" name="InsertTest1" />
    </UnitTest>
    <UnitTest name="ExecuteDataAdapterSQLTest2" storage="e:\董平\工作\工具集\代码\dpnetfx4\dp\test\core.dp.test\bin\debug\core.dp.test.dll" id="51390db3-56f2-aafb-5d99-c58b73b744b1">
      <Execution id="ae4068e9-f05c-4c9e-9a97-8d8c0aa4eb12" />
      <TestMethod codeBase="E:/董平/工作/工具集/代码/DPNetFx4/DP/Test/Core.DP.Test/bin/Debug/Core.DP.Test.DLL" adapterTypeName="Microsoft.VisualStudio.TestTools.TestTypes.Unit.UnitTestAdapter, Microsoft.VisualStudio.QualityTools.Tips.UnitTest.Adapter, Version=10.0.0.0, Culture=neutral, PublicKeyToken=b03f5f7f11d50a3a" className="Core.DP.Test.SqlServerDALTest, Core.DP.Test, Version=1.0.0.0, Culture=neutral, PublicKeyToken=null" name="ExecuteDataAdapterSQLTest2" />
    </UnitTest>
    <UnitTest name="GetMaxValueTest3" storage="e:\董平\工作\工具集\代码\dpnetfx4\dp\test\core.dp.test\bin\debug\core.dp.test.dll" id="e2e2de97-afa5-a397-50d3-1c770edf7622">
      <Execution id="623704d9-37d1-4484-adf3-7c0ed5200622" />
      <TestMethod codeBase="E:/董平/工作/工具集/代码/DPNetFx4/DP/Test/Core.DP.Test/bin/Debug/Core.DP.Test.DLL" adapterTypeName="Microsoft.VisualStudio.TestTools.TestTypes.Unit.UnitTestAdapter, Microsoft.VisualStudio.QualityTools.Tips.UnitTest.Adapter, Version=10.0.0.0, Culture=neutral, PublicKeyToken=b03f5f7f11d50a3a" className="Core.DP.Test.SqlServerDALTest, Core.DP.Test, Version=1.0.0.0, Culture=neutral, PublicKeyToken=null" name="GetMaxValueTest3" />
    </UnitTest>
    <UnitTest name="IsExistViewTest" storage="e:\董平\工作\工具集\代码\dpnetfx4\dp\test\core.dp.test\bin\debug\core.dp.test.dll" id="6b9470f2-dd91-da51-7a8e-60716d64b155">
      <Execution id="c2a35a9d-6f81-4780-8096-eda1e820d227" />
      <TestMethod codeBase="E:/董平/工作/工具集/代码/DPNetFx4/DP/Test/Core.DP.Test/bin/Debug/Core.DP.Test.DLL" adapterTypeName="Microsoft.VisualStudio.TestTools.TestTypes.Unit.UnitTestAdapter, Microsoft.VisualStudio.QualityTools.Tips.UnitTest.Adapter, Version=10.0.0.0, Culture=neutral, PublicKeyToken=b03f5f7f11d50a3a" className="Core.DP.Test.SqlServerDALTest, Core.DP.Test, Version=1.0.0.0, Culture=neutral, PublicKeyToken=null" name="IsExistViewTest" />
    </UnitTest>
    <UnitTest name="ExecuteDataAdapterSQLTest" storage="e:\董平\工作\工具集\代码\dpnetfx4\dp\test\core.dp.test\bin\debug\core.dp.test.dll" id="5f2dd703-6a98-370b-f7c7-ca2574363947">
      <Execution id="41880710-fd48-4187-b9b5-55d9087cd05c" />
      <TestMethod codeBase="E:/董平/工作/工具集/代码/DPNetFx4/DP/Test/Core.DP.Test/bin/Debug/Core.DP.Test.DLL" adapterTypeName="Microsoft.VisualStudio.TestTools.TestTypes.Unit.UnitTestAdapter, Microsoft.VisualStudio.QualityTools.Tips.UnitTest.Adapter, Version=10.0.0.0, Culture=neutral, PublicKeyToken=b03f5f7f11d50a3a" className="Core.DP.Test.SqlServerDALTest, Core.DP.Test, Version=1.0.0.0, Culture=neutral, PublicKeyToken=null" name="ExecuteDataAdapterSQLTest" />
    </UnitTest>
    <UnitTest name="ExecuteScalarSQLTest6" storage="e:\董平\工作\工具集\代码\dpnetfx4\dp\test\core.dp.test\bin\debug\core.dp.test.dll" id="aeb3b95c-66bd-3e6d-d4ee-cd35a378b5f1">
      <Execution id="d9cf74d7-402d-4c80-bad9-b1b12447a13b" />
      <TestMethod codeBase="E:/董平/工作/工具集/代码/DPNetFx4/DP/Test/Core.DP.Test/bin/Debug/Core.DP.Test.DLL" adapterTypeName="Microsoft.VisualStudio.TestTools.TestTypes.Unit.UnitTestAdapter, Microsoft.VisualStudio.QualityTools.Tips.UnitTest.Adapter, Version=10.0.0.0, Culture=neutral, PublicKeyToken=b03f5f7f11d50a3a" className="Core.DP.Test.SqlServerDALTest, Core.DP.Test, Version=1.0.0.0, Culture=neutral, PublicKeyToken=null" name="ExecuteScalarSQLTest6" />
    </UnitTest>
    <UnitTest name="GetDateToDbSelectStringTest" storage="e:\董平\工作\工具集\代码\dpnetfx4\dp\test\core.dp.test\bin\debug\core.dp.test.dll" id="7b055c5b-a058-3a10-7508-cb353aaf9242">
      <Execution id="00a9d45e-7a9a-4313-a546-85e7beb6fdc7" />
      <TestMethod codeBase="E:/董平/工作/工具集/代码/DPNetFx4/DP/Test/Core.DP.Test/bin/Debug/Core.DP.Test.DLL" adapterTypeName="Microsoft.VisualStudio.TestTools.TestTypes.Unit.UnitTestAdapter, Microsoft.VisualStudio.QualityTools.Tips.UnitTest.Adapter, Version=10.0.0.0, Culture=neutral, PublicKeyToken=b03f5f7f11d50a3a" className="Core.DP.Test.SqlServerDALTest, Core.DP.Test, Version=1.0.0.0, Culture=neutral, PublicKeyToken=null" name="GetDateToDbSelectStringTest" />
    </UnitTest>
    <UnitTest name="UpdateTest5" storage="e:\董平\工作\工具集\代码\dpnetfx4\dp\test\core.dp.test\bin\debug\core.dp.test.dll" id="56a42051-1685-6658-4ba8-86b2e58968c7">
      <Execution id="000175f1-5362-435d-b3b8-533552b410cb" />
      <TestMethod codeBase="E:/董平/工作/工具集/代码/DPNetFx4/DP/Test/Core.DP.Test/bin/Debug/Core.DP.Test.DLL" adapterTypeName="Microsoft.VisualStudio.TestTools.TestTypes.Unit.UnitTestAdapter, Microsoft.VisualStudio.QualityTools.Tips.UnitTest.Adapter, Version=10.0.0.0, Culture=neutral, PublicKeyToken=b03f5f7f11d50a3a" className="Core.DP.Test.SqlServerDALTest, Core.DP.Test, Version=1.0.0.0, Culture=neutral, PublicKeyToken=null" name="UpdateTest5" />
    </UnitTest>
    <UnitTest name="DeleteTest10" storage="e:\董平\工作\工具集\代码\dpnetfx4\dp\test\core.dp.test\bin\debug\core.dp.test.dll" id="9fb8ebf2-a130-33c5-27b2-7d01ebb26587">
      <Execution id="2bff040a-0fe4-4e25-8ef7-f3d7b1d86e52" />
      <TestMethod codeBase="E:/董平/工作/工具集/代码/DPNetFx4/DP/Test/Core.DP.Test/bin/Debug/Core.DP.Test.DLL" adapterTypeName="Microsoft.VisualStudio.TestTools.TestTypes.Unit.UnitTestAdapter, Microsoft.VisualStudio.QualityTools.Tips.UnitTest.Adapter, Version=10.0.0.0, Culture=neutral, PublicKeyToken=b03f5f7f11d50a3a" className="Core.DP.Test.SqlServerDALTest, Core.DP.Test, Version=1.0.0.0, Culture=neutral, PublicKeyToken=null" name="DeleteTest10" />
    </UnitTest>
    <UnitTest name="ExecuteScalarSQLTest2" storage="e:\董平\工作\工具集\代码\dpnetfx4\dp\test\core.dp.test\bin\debug\core.dp.test.dll" id="aa8079da-7822-9578-782a-f250747c2f7d">
      <Execution id="6b5a8c5b-2977-42c0-bb47-14c2a118f40d" />
      <TestMethod codeBase="E:/董平/工作/工具集/代码/DPNetFx4/DP/Test/Core.DP.Test/bin/Debug/Core.DP.Test.DLL" adapterTypeName="Microsoft.VisualStudio.TestTools.TestTypes.Unit.UnitTestAdapter, Microsoft.VisualStudio.QualityTools.Tips.UnitTest.Adapter, Version=10.0.0.0, Culture=neutral, PublicKeyToken=b03f5f7f11d50a3a" className="Core.DP.Test.SqlServerDALTest, Core.DP.Test, Version=1.0.0.0, Culture=neutral, PublicKeyToken=null" name="ExecuteScalarSQLTest2" />
    </UnitTest>
    <UnitTest name="ExecuteScalarSQLTest1" storage="e:\董平\工作\工具集\代码\dpnetfx4\dp\test\core.dp.test\bin\debug\core.dp.test.dll" id="5c3878ce-c84d-03d2-193d-74ae1865dbd9">
      <Execution id="ecb19c1a-6bbe-472e-89f1-91cec80685de" />
      <TestMethod codeBase="E:/董平/工作/工具集/代码/DPNetFx4/DP/Test/Core.DP.Test/bin/Debug/Core.DP.Test.DLL" adapterTypeName="Microsoft.VisualStudio.TestTools.TestTypes.Unit.UnitTestAdapter, Microsoft.VisualStudio.QualityTools.Tips.UnitTest.Adapter, Version=10.0.0.0, Culture=neutral, PublicKeyToken=b03f5f7f11d50a3a" className="Core.DP.Test.SqlServerDALTest, Core.DP.Test, Version=1.0.0.0, Culture=neutral, PublicKeyToken=null" name="ExecuteScalarSQLTest1" />
    </UnitTest>
    <UnitTest name="InsertTest2" storage="e:\董平\工作\工具集\代码\dpnetfx4\dp\test\core.dp.test\bin\debug\core.dp.test.dll" id="5472fc49-6ea2-b7d8-42ce-ee65fea25508">
      <Execution id="9765adac-c180-4e4f-829d-c564e65903e9" />
      <TestMethod codeBase="E:/董平/工作/工具集/代码/DPNetFx4/DP/Test/Core.DP.Test/bin/Debug/Core.DP.Test.DLL" adapterTypeName="Microsoft.VisualStudio.TestTools.TestTypes.Unit.UnitTestAdapter, Microsoft.VisualStudio.QualityTools.Tips.UnitTest.Adapter, Version=10.0.0.0, Culture=neutral, PublicKeyToken=b03f5f7f11d50a3a" className="Core.DP.Test.SqlServerDALTest, Core.DP.Test, Version=1.0.0.0, Culture=neutral, PublicKeyToken=null" name="InsertTest2" />
    </UnitTest>
    <UnitTest name="InsertTest" storage="e:\董平\工作\工具集\代码\dpnetfx4\dp\test\core.dp.test\bin\debug\core.dp.test.dll" id="c0fcfca4-e7d5-ab49-abbc-86567b4a9415">
      <Execution id="18e6f29e-84eb-432b-a491-3801d7d8398c" />
      <TestMethod codeBase="E:/董平/工作/工具集/代码/DPNetFx4/DP/Test/Core.DP.Test/bin/Debug/Core.DP.Test.DLL" adapterTypeName="Microsoft.VisualStudio.TestTools.TestTypes.Unit.UnitTestAdapter, Microsoft.VisualStudio.QualityTools.Tips.UnitTest.Adapter, Version=10.0.0.0, Culture=neutral, PublicKeyToken=b03f5f7f11d50a3a" className="Core.DP.Test.SqlServerDALTest, Core.DP.Test, Version=1.0.0.0, Culture=neutral, PublicKeyToken=null" name="InsertTest" />
    </UnitTest>
    <UnitTest name="GetDataTableTest" storage="e:\董平\工作\工具集\代码\dpnetfx4\dp\test\core.dp.test\bin\debug\core.dp.test.dll" id="b2f6e640-629f-858b-1686-10a93b696316">
      <Execution id="7aa86b60-0466-4267-8811-13cd814bf6b8" />
      <TestMethod codeBase="E:/董平/工作/工具集/代码/DPNetFx4/DP/Test/Core.DP.Test/bin/Debug/Core.DP.Test.DLL" adapterTypeName="Microsoft.VisualStudio.TestTools.TestTypes.Unit.UnitTestAdapter, Microsoft.VisualStudio.QualityTools.Tips.UnitTest.Adapter, Version=10.0.0.0, Culture=neutral, PublicKeyToken=b03f5f7f11d50a3a" className="Core.DP.Test.SqlServerDALTest, Core.DP.Test, Version=1.0.0.0, Culture=neutral, PublicKeyToken=null" name="GetDataTableTest" />
    </UnitTest>
    <UnitTest name="GetDistinctTableTest" storage="e:\董平\工作\工具集\代码\dpnetfx4\dp\test\core.dp.test\bin\debug\core.dp.test.dll" id="816cd580-cab2-a770-8312-839fe44cffc1">
      <Execution id="e212805f-dca4-44f2-8157-753a6b2f524d" />
      <TestMethod codeBase="E:/董平/工作/工具集/代码/DPNetFx4/DP/Test/Core.DP.Test/bin/Debug/Core.DP.Test.DLL" adapterTypeName="Microsoft.VisualStudio.TestTools.TestTypes.Unit.UnitTestAdapter, Microsoft.VisualStudio.QualityTools.Tips.UnitTest.Adapter, Version=10.0.0.0, Culture=neutral, PublicKeyToken=b03f5f7f11d50a3a" className="Core.DP.Test.SqlServerDALTest, Core.DP.Test, Version=1.0.0.0, Culture=neutral, PublicKeyToken=null" name="GetDistinctTableTest" />
    </UnitTest>
    <UnitTest name="IsExistViewTest1" storage="e:\董平\工作\工具集\代码\dpnetfx4\dp\test\core.dp.test\bin\debug\core.dp.test.dll" id="c0b3f568-28ab-16f8-c39d-6a9079f8b5bc">
      <Execution id="ace12449-ca69-4f4c-b83e-250d3dfad0d5" />
      <TestMethod codeBase="E:/董平/工作/工具集/代码/DPNetFx4/DP/Test/Core.DP.Test/bin/Debug/Core.DP.Test.DLL" adapterTypeName="Microsoft.VisualStudio.TestTools.TestTypes.Unit.UnitTestAdapter, Microsoft.VisualStudio.QualityTools.Tips.UnitTest.Adapter, Version=10.0.0.0, Culture=neutral, PublicKeyToken=b03f5f7f11d50a3a" className="Core.DP.Test.SqlServerDALTest, Core.DP.Test, Version=1.0.0.0, Culture=neutral, PublicKeyToken=null" name="IsExistViewTest1" />
    </UnitTest>
    <UnitTest name="GetEntityTest1" storage="e:\董平\工作\工具集\代码\dpnetfx4\dp\test\core.dp.test\bin\debug\core.dp.test.dll" id="9d8df868-1765-85cc-27d7-89cf50c37c0e">
      <Execution id="7041b515-0b8d-4bb9-bc7f-a1aaff57dfdc" />
      <TestMethod codeBase="E:/董平/工作/工具集/代码/DPNetFx4/DP/Test/Core.DP.Test/bin/Debug/Core.DP.Test.DLL" adapterTypeName="Microsoft.VisualStudio.TestTools.TestTypes.Unit.UnitTestAdapter, Microsoft.VisualStudio.QualityTools.Tips.UnitTest.Adapter, Version=10.0.0.0, Culture=neutral, PublicKeyToken=b03f5f7f11d50a3a" className="Core.DP.Test.SqlServerDALTest, Core.DP.Test, Version=1.0.0.0, Culture=neutral, PublicKeyToken=null" name="GetEntityTest1" />
    </UnitTest>
    <UnitTest name="GetDistinctTableTest1" storage="e:\董平\工作\工具集\代码\dpnetfx4\dp\test\core.dp.test\bin\debug\core.dp.test.dll" id="efc59a07-2f06-c7a1-1076-12995d9745b1">
      <Execution id="95964832-3244-473f-a870-cef3aa8f7120" />
      <TestMethod codeBase="E:/董平/工作/工具集/代码/DPNetFx4/DP/Test/Core.DP.Test/bin/Debug/Core.DP.Test.DLL" adapterTypeName="Microsoft.VisualStudio.TestTools.TestTypes.Unit.UnitTestAdapter, Microsoft.VisualStudio.QualityTools.Tips.UnitTest.Adapter, Version=10.0.0.0, Culture=neutral, PublicKeyToken=b03f5f7f11d50a3a" className="Core.DP.Test.SqlServerDALTest, Core.DP.Test, Version=1.0.0.0, Culture=neutral, PublicKeyToken=null" name="GetDistinctTableTest1" />
    </UnitTest>
    <UnitTest name="GetListTest" storage="e:\董平\工作\工具集\代码\dpnetfx4\dp\test\core.dp.test\bin\debug\core.dp.test.dll" id="d123881f-f2bb-ef95-4b3e-6cf11310b7e2">
      <Execution id="6d3fc8bb-e66e-4e3f-a743-9a75ffa45f94" />
      <TestMethod codeBase="E:/董平/工作/工具集/代码/DPNetFx4/DP/Test/Core.DP.Test/bin/Debug/Core.DP.Test.DLL" adapterTypeName="Microsoft.VisualStudio.TestTools.TestTypes.Unit.UnitTestAdapter, Microsoft.VisualStudio.QualityTools.Tips.UnitTest.Adapter, Version=10.0.0.0, Culture=neutral, PublicKeyToken=b03f5f7f11d50a3a" className="Core.DP.Test.SqlServerDALTest, Core.DP.Test, Version=1.0.0.0, Culture=neutral, PublicKeyToken=null" name="GetListTest" />
    </UnitTest>
    <UnitTest name="DeleteTest6" storage="e:\董平\工作\工具集\代码\dpnetfx4\dp\test\core.dp.test\bin\debug\core.dp.test.dll" id="e1957cf7-251f-74cb-faf0-783048b10e44">
      <Execution id="ad4d4f32-cbb7-4013-885d-37f826408f27" />
      <TestMethod codeBase="E:/董平/工作/工具集/代码/DPNetFx4/DP/Test/Core.DP.Test/bin/Debug/Core.DP.Test.DLL" adapterTypeName="Microsoft.VisualStudio.TestTools.TestTypes.Unit.UnitTestAdapter, Microsoft.VisualStudio.QualityTools.Tips.UnitTest.Adapter, Version=10.0.0.0, Culture=neutral, PublicKeyToken=b03f5f7f11d50a3a" className="Core.DP.Test.SqlServerDALTest, Core.DP.Test, Version=1.0.0.0, Culture=neutral, PublicKeyToken=null" name="DeleteTest6" />
    </UnitTest>
    <UnitTest name="DeleteTest" storage="e:\董平\工作\工具集\代码\dpnetfx4\dp\test\core.dp.test\bin\debug\core.dp.test.dll" id="69c8679a-2e9f-b3ad-4127-c0ad9d9689ab">
      <Execution id="f1d1b267-c1aa-4f61-bc03-a86d2bf58dea" />
      <TestMethod codeBase="E:/董平/工作/工具集/代码/DPNetFx4/DP/Test/Core.DP.Test/bin/Debug/Core.DP.Test.DLL" adapterTypeName="Microsoft.VisualStudio.TestTools.TestTypes.Unit.UnitTestAdapter, Microsoft.VisualStudio.QualityTools.Tips.UnitTest.Adapter, Version=10.0.0.0, Culture=neutral, PublicKeyToken=b03f5f7f11d50a3a" className="Core.DP.Test.SqlServerDALTest, Core.DP.Test, Version=1.0.0.0, Culture=neutral, PublicKeyToken=null" name="DeleteTest" />
    </UnitTest>
    <UnitTest name="GetMinValueTest" storage="e:\董平\工作\工具集\代码\dpnetfx4\dp\test\core.dp.test\bin\debug\core.dp.test.dll" id="a67ee085-53fa-3c47-128d-42f9e05cbb42">
      <Execution id="637ad97f-22e3-43c2-b113-5ca71fb5ef18" />
      <TestMethod codeBase="E:/董平/工作/工具集/代码/DPNetFx4/DP/Test/Core.DP.Test/bin/Debug/Core.DP.Test.DLL" adapterTypeName="Microsoft.VisualStudio.TestTools.TestTypes.Unit.UnitTestAdapter, Microsoft.VisualStudio.QualityTools.Tips.UnitTest.Adapter, Version=10.0.0.0, Culture=neutral, PublicKeyToken=b03f5f7f11d50a3a" className="Core.DP.Test.SqlServerDALTest, Core.DP.Test, Version=1.0.0.0, Culture=neutral, PublicKeyToken=null" name="GetMinValueTest" />
    </UnitTest>
    <UnitTest name="UpdateTest7" storage="e:\董平\工作\工具集\代码\dpnetfx4\dp\test\core.dp.test\bin\debug\core.dp.test.dll" id="ada0ef76-0615-66dc-159a-62f296fe43a5">
      <Execution id="c7b2e5ea-eee9-4854-b2a5-30d401de3bd2" />
      <TestMethod codeBase="E:/董平/工作/工具集/代码/DPNetFx4/DP/Test/Core.DP.Test/bin/Debug/Core.DP.Test.DLL" adapterTypeName="Microsoft.VisualStudio.TestTools.TestTypes.Unit.UnitTestAdapter, Microsoft.VisualStudio.QualityTools.Tips.UnitTest.Adapter, Version=10.0.0.0, Culture=neutral, PublicKeyToken=b03f5f7f11d50a3a" className="Core.DP.Test.SqlServerDALTest, Core.DP.Test, Version=1.0.0.0, Culture=neutral, PublicKeyToken=null" name="UpdateTest7" />
    </UnitTest>
    <UnitTest name="ExecuteSQLTest3" storage="e:\董平\工作\工具集\代码\dpnetfx4\dp\test\core.dp.test\bin\debug\core.dp.test.dll" id="c32b3d08-3509-a5e6-8ce4-cc03b3ee9be3">
      <Execution id="ed5c2482-31b4-449c-b69c-9b2e62a5f745" />
      <TestMethod codeBase="E:/董平/工作/工具集/代码/DPNetFx4/DP/Test/Core.DP.Test/bin/Debug/Core.DP.Test.DLL" adapterTypeName="Microsoft.VisualStudio.TestTools.TestTypes.Unit.UnitTestAdapter, Microsoft.VisualStudio.QualityTools.Tips.UnitTest.Adapter, Version=10.0.0.0, Culture=neutral, PublicKeyToken=b03f5f7f11d50a3a" className="Core.DP.Test.SqlServerDALTest, Core.DP.Test, Version=1.0.0.0, Culture=neutral, PublicKeyToken=null" name="ExecuteSQLTest3" />
    </UnitTest>
    <UnitTest name="UpdateTest" storage="e:\董平\工作\工具集\代码\dpnetfx4\dp\test\core.dp.test\bin\debug\core.dp.test.dll" id="edf1cea5-b84d-5b41-b80d-3b79ff5ee42b">
      <Execution id="b51c6223-fdb0-4397-ac53-5be829cbc715" />
      <TestMethod codeBase="E:/董平/工作/工具集/代码/DPNetFx4/DP/Test/Core.DP.Test/bin/Debug/Core.DP.Test.DLL" adapterTypeName="Microsoft.VisualStudio.TestTools.TestTypes.Unit.UnitTestAdapter, Microsoft.VisualStudio.QualityTools.Tips.UnitTest.Adapter, Version=10.0.0.0, Culture=neutral, PublicKeyToken=b03f5f7f11d50a3a" className="Core.DP.Test.SqlServerDALTest, Core.DP.Test, Version=1.0.0.0, Culture=neutral, PublicKeyToken=null" name="UpdateTest" />
    </UnitTest>
    <UnitTest name="UpdateTest4" storage="e:\董平\工作\工具集\代码\dpnetfx4\dp\test\core.dp.test\bin\debug\core.dp.test.dll" id="545d4122-e44f-fc53-bef3-b0054ec60906">
      <Execution id="3db30b73-a0df-44bd-9f80-f0cd9378eafa" />
      <TestMethod codeBase="E:/董平/工作/工具集/代码/DPNetFx4/DP/Test/Core.DP.Test/bin/Debug/Core.DP.Test.DLL" adapterTypeName="Microsoft.VisualStudio.TestTools.TestTypes.Unit.UnitTestAdapter, Microsoft.VisualStudio.QualityTools.Tips.UnitTest.Adapter, Version=10.0.0.0, Culture=neutral, PublicKeyToken=b03f5f7f11d50a3a" className="Core.DP.Test.SqlServerDALTest, Core.DP.Test, Version=1.0.0.0, Culture=neutral, PublicKeyToken=null" name="UpdateTest4" />
    </UnitTest>
    <UnitTest name="DeleteTest9" storage="e:\董平\工作\工具集\代码\dpnetfx4\dp\test\core.dp.test\bin\debug\core.dp.test.dll" id="441ac6c3-b337-95c2-7d16-2662c47b3911">
      <Execution id="0963bd56-ec5e-41e9-9513-979355be9a95" />
      <TestMethod codeBase="E:/董平/工作/工具集/代码/DPNetFx4/DP/Test/Core.DP.Test/bin/Debug/Core.DP.Test.DLL" adapterTypeName="Microsoft.VisualStudio.TestTools.TestTypes.Unit.UnitTestAdapter, Microsoft.VisualStudio.QualityTools.Tips.UnitTest.Adapter, Version=10.0.0.0, Culture=neutral, PublicKeyToken=b03f5f7f11d50a3a" className="Core.DP.Test.SqlServerDALTest, Core.DP.Test, Version=1.0.0.0, Culture=neutral, PublicKeyToken=null" name="DeleteTest9" />
    </UnitTest>
    <UnitTest name="ExecuteScalarSQLTest3" storage="e:\董平\工作\工具集\代码\dpnetfx4\dp\test\core.dp.test\bin\debug\core.dp.test.dll" id="abb0a3f1-752a-90a8-64b6-afbb05f99ac9">
      <Execution id="f003ed81-b244-4b70-952e-5ad99b2660e8" />
      <TestMethod codeBase="E:/董平/工作/工具集/代码/DPNetFx4/DP/Test/Core.DP.Test/bin/Debug/Core.DP.Test.DLL" adapterTypeName="Microsoft.VisualStudio.TestTools.TestTypes.Unit.UnitTestAdapter, Microsoft.VisualStudio.QualityTools.Tips.UnitTest.Adapter, Version=10.0.0.0, Culture=neutral, PublicKeyToken=b03f5f7f11d50a3a" className="Core.DP.Test.SqlServerDALTest, Core.DP.Test, Version=1.0.0.0, Culture=neutral, PublicKeyToken=null" name="ExecuteScalarSQLTest3" />
    </UnitTest>
    <UnitTest name="ExecuteScalarSQLTest7" storage="e:\董平\工作\工具集\代码\dpnetfx4\dp\test\core.dp.test\bin\debug\core.dp.test.dll" id="d9bb61dd-4543-227c-6598-b1ebb33aaaa7">
      <Execution id="cf3c0e74-4402-4ad2-a8f4-3a0779f1dbf3" />
      <TestMethod codeBase="E:/董平/工作/工具集/代码/DPNetFx4/DP/Test/Core.DP.Test/bin/Debug/Core.DP.Test.DLL" adapterTypeName="Microsoft.VisualStudio.TestTools.TestTypes.Unit.UnitTestAdapter, Microsoft.VisualStudio.QualityTools.Tips.UnitTest.Adapter, Version=10.0.0.0, Culture=neutral, PublicKeyToken=b03f5f7f11d50a3a" className="Core.DP.Test.SqlServerDALTest, Core.DP.Test, Version=1.0.0.0, Culture=neutral, PublicKeyToken=null" name="ExecuteScalarSQLTest7" />
    </UnitTest>
    <UnitTest name="GetEntityTest3" storage="e:\董平\工作\工具集\代码\dpnetfx4\dp\test\core.dp.test\bin\debug\core.dp.test.dll" id="66e91492-03f3-c197-3907-fc440eecfa8f">
      <Execution id="656a7e3d-c203-423f-8f0c-c0d373ed6cb7" />
      <TestMethod codeBase="E:/董平/工作/工具集/代码/DPNetFx4/DP/Test/Core.DP.Test/bin/Debug/Core.DP.Test.DLL" adapterTypeName="Microsoft.VisualStudio.TestTools.TestTypes.Unit.UnitTestAdapter, Microsoft.VisualStudio.QualityTools.Tips.UnitTest.Adapter, Version=10.0.0.0, Culture=neutral, PublicKeyToken=b03f5f7f11d50a3a" className="Core.DP.Test.SqlServerDALTest, Core.DP.Test, Version=1.0.0.0, Culture=neutral, PublicKeyToken=null" name="GetEntityTest3" />
    </UnitTest>
    <UnitTest name="DeleteTest7" storage="e:\董平\工作\工具集\代码\dpnetfx4\dp\test\core.dp.test\bin\debug\core.dp.test.dll" id="e005f2fc-e832-165f-4829-e772fbaf4aa9">
      <Execution id="2a515d4b-dc09-4f9c-a057-f9dbb39df70b" />
      <TestMethod codeBase="E:/董平/工作/工具集/代码/DPNetFx4/DP/Test/Core.DP.Test/bin/Debug/Core.DP.Test.DLL" adapterTypeName="Microsoft.VisualStudio.TestTools.TestTypes.Unit.UnitTestAdapter, Microsoft.VisualStudio.QualityTools.Tips.UnitTest.Adapter, Version=10.0.0.0, Culture=neutral, PublicKeyToken=b03f5f7f11d50a3a" className="Core.DP.Test.SqlServerDALTest, Core.DP.Test, Version=1.0.0.0, Culture=neutral, PublicKeyToken=null" name="DeleteTest7" />
    </UnitTest>
    <UnitTest name="ExecuteSQLTest7" storage="e:\董平\工作\工具集\代码\dpnetfx4\dp\test\core.dp.test\bin\debug\core.dp.test.dll" id="73a8c2f5-8375-e221-67ef-f18471de18d2">
      <Execution id="4447aad1-086c-4323-9ab2-6851f9458f03" />
      <TestMethod codeBase="E:/董平/工作/工具集/代码/DPNetFx4/DP/Test/Core.DP.Test/bin/Debug/Core.DP.Test.DLL" adapterTypeName="Microsoft.VisualStudio.TestTools.TestTypes.Unit.UnitTestAdapter, Microsoft.VisualStudio.QualityTools.Tips.UnitTest.Adapter, Version=10.0.0.0, Culture=neutral, PublicKeyToken=b03f5f7f11d50a3a" className="Core.DP.Test.SqlServerDALTest, Core.DP.Test, Version=1.0.0.0, Culture=neutral, PublicKeyToken=null" name="ExecuteSQLTest7" />
    </UnitTest>
    <UnitTest name="GetMaxValueTest2" storage="e:\董平\工作\工具集\代码\dpnetfx4\dp\test\core.dp.test\bin\debug\core.dp.test.dll" id="350a52c1-d050-aa92-3519-315cac45f0fb">
      <Execution id="3098c4cd-f3f5-4b88-a887-78cc85b8574a" />
      <TestMethod codeBase="E:/董平/工作/工具集/代码/DPNetFx4/DP/Test/Core.DP.Test/bin/Debug/Core.DP.Test.DLL" adapterTypeName="Microsoft.VisualStudio.TestTools.TestTypes.Unit.UnitTestAdapter, Microsoft.VisualStudio.QualityTools.Tips.UnitTest.Adapter, Version=10.0.0.0, Culture=neutral, PublicKeyToken=b03f5f7f11d50a3a" className="Core.DP.Test.SqlServerDALTest, Core.DP.Test, Version=1.0.0.0, Culture=neutral, PublicKeyToken=null" name="GetMaxValueTest2" />
    </UnitTest>
    <UnitTest name="GetDistinctCountTest3" storage="e:\董平\工作\工具集\代码\dpnetfx4\dp\test\core.dp.test\bin\debug\core.dp.test.dll" id="1d422d6f-c0b9-b161-874c-24627286f293">
      <Execution id="31eef176-d1bc-44e1-88fc-2316017c2aab" />
      <TestMethod codeBase="E:/董平/工作/工具集/代码/DPNetFx4/DP/Test/Core.DP.Test/bin/Debug/Core.DP.Test.DLL" adapterTypeName="Microsoft.VisualStudio.TestTools.TestTypes.Unit.UnitTestAdapter, Microsoft.VisualStudio.QualityTools.Tips.UnitTest.Adapter, Version=10.0.0.0, Culture=neutral, PublicKeyToken=b03f5f7f11d50a3a" className="Core.DP.Test.SqlServerDALTest, Core.DP.Test, Version=1.0.0.0, Culture=neutral, PublicKeyToken=null" name="GetDistinctCountTest3" />
    </UnitTest>
    <UnitTest name="ExecuteDataAdapterSQLTest3" storage="e:\董平\工作\工具集\代码\dpnetfx4\dp\test\core.dp.test\bin\debug\core.dp.test.dll" id="47b8e4cc-ac5a-f5fd-6eeb-2a379a3db732">
      <Execution id="0129c5d1-f28c-4ec1-b39b-69d95bb6af8e" />
      <TestMethod codeBase="E:/董平/工作/工具集/代码/DPNetFx4/DP/Test/Core.DP.Test/bin/Debug/Core.DP.Test.DLL" adapterTypeName="Microsoft.VisualStudio.TestTools.TestTypes.Unit.UnitTestAdapter, Microsoft.VisualStudio.QualityTools.Tips.UnitTest.Adapter, Version=10.0.0.0, Culture=neutral, PublicKeyToken=b03f5f7f11d50a3a" className="Core.DP.Test.SqlServerDALTest, Core.DP.Test, Version=1.0.0.0, Culture=neutral, PublicKeyToken=null" name="ExecuteDataAdapterSQLTest3" />
    </UnitTest>
    <UnitTest name="GetMaxValueTest1" storage="e:\董平\工作\工具集\代码\dpnetfx4\dp\test\core.dp.test\bin\debug\core.dp.test.dll" id="f4a120b0-2e65-410f-4b9e-4ce8c67cf36c">
      <Execution id="0c804388-722f-4570-a74c-7e0291fb7794" />
      <TestMethod codeBase="E:/董平/工作/工具集/代码/DPNetFx4/DP/Test/Core.DP.Test/bin/Debug/Core.DP.Test.DLL" adapterTypeName="Microsoft.VisualStudio.TestTools.TestTypes.Unit.UnitTestAdapter, Microsoft.VisualStudio.QualityTools.Tips.UnitTest.Adapter, Version=10.0.0.0, Culture=neutral, PublicKeyToken=b03f5f7f11d50a3a" className="Core.DP.Test.SqlServerDALTest, Core.DP.Test, Version=1.0.0.0, Culture=neutral, PublicKeyToken=null" name="GetMaxValueTest1" />
    </UnitTest>
    <UnitTest name="ExecuteSQLTest5" storage="e:\董平\工作\工具集\代码\dpnetfx4\dp\test\core.dp.test\bin\debug\core.dp.test.dll" id="1743d33e-da0e-f5cd-1270-0ed971173693">
      <Execution id="9b376bbc-5a5a-48ee-a2f2-aec1ba384a56" />
      <TestMethod codeBase="E:/董平/工作/工具集/代码/DPNetFx4/DP/Test/Core.DP.Test/bin/Debug/Core.DP.Test.DLL" adapterTypeName="Microsoft.VisualStudio.TestTools.TestTypes.Unit.UnitTestAdapter, Microsoft.VisualStudio.QualityTools.Tips.UnitTest.Adapter, Version=10.0.0.0, Culture=neutral, PublicKeyToken=b03f5f7f11d50a3a" className="Core.DP.Test.SqlServerDALTest, Core.DP.Test, Version=1.0.0.0, Culture=neutral, PublicKeyToken=null" name="ExecuteSQLTest5" />
    </UnitTest>
    <UnitTest name="UpdateTest6" storage="e:\董平\工作\工具集\代码\dpnetfx4\dp\test\core.dp.test\bin\debug\core.dp.test.dll" id="6e353c63-4919-1d34-c6e4-93dbcf86b1a7">
      <Execution id="84136c00-3b15-40d9-8168-7fa9209eecf0" />
      <TestMethod codeBase="E:/董平/工作/工具集/代码/DPNetFx4/DP/Test/Core.DP.Test/bin/Debug/Core.DP.Test.DLL" adapterTypeName="Microsoft.VisualStudio.TestTools.TestTypes.Unit.UnitTestAdapter, Microsoft.VisualStudio.QualityTools.Tips.UnitTest.Adapter, Version=10.0.0.0, Culture=neutral, PublicKeyToken=b03f5f7f11d50a3a" className="Core.DP.Test.SqlServerDALTest, Core.DP.Test, Version=1.0.0.0, Culture=neutral, PublicKeyToken=null" name="UpdateTest6" />
    </UnitTest>
    <UnitTest name="IsExistTableTest1" storage="e:\董平\工作\工具集\代码\dpnetfx4\dp\test\core.dp.test\bin\debug\core.dp.test.dll" id="a95a5aab-1435-8a9a-da02-c25173349ead">
      <Execution id="d04e20c9-d8ce-423d-8ca1-d44750d71627" />
      <TestMethod codeBase="E:/董平/工作/工具集/代码/DPNetFx4/DP/Test/Core.DP.Test/bin/Debug/Core.DP.Test.DLL" adapterTypeName="Microsoft.VisualStudio.TestTools.TestTypes.Unit.UnitTestAdapter, Microsoft.VisualStudio.QualityTools.Tips.UnitTest.Adapter, Version=10.0.0.0, Culture=neutral, PublicKeyToken=b03f5f7f11d50a3a" className="Core.DP.Test.SqlServerDALTest, Core.DP.Test, Version=1.0.0.0, Culture=neutral, PublicKeyToken=null" name="IsExistTableTest1" />
    </UnitTest>
    <UnitTest name="ExecuteSQLTest" storage="e:\董平\工作\工具集\代码\dpnetfx4\dp\test\core.dp.test\bin\debug\core.dp.test.dll" id="db3463cb-071b-9917-c0bd-bd1ee5db6d62">
      <Execution id="8433de9f-3d36-4a32-b849-906ec5bea496" />
      <TestMethod codeBase="E:/董平/工作/工具集/代码/DPNetFx4/DP/Test/Core.DP.Test/bin/Debug/Core.DP.Test.DLL" adapterTypeName="Microsoft.VisualStudio.TestTools.TestTypes.Unit.UnitTestAdapter, Microsoft.VisualStudio.QualityTools.Tips.UnitTest.Adapter, Version=10.0.0.0, Culture=neutral, PublicKeyToken=b03f5f7f11d50a3a" className="Core.DP.Test.SqlServerDALTest, Core.DP.Test, Version=1.0.0.0, Culture=neutral, PublicKeyToken=null" name="ExecuteSQLTest" />
    </UnitTest>
    <UnitTest name="GetMaxValueTest" storage="e:\董平\工作\工具集\代码\dpnetfx4\dp\test\core.dp.test\bin\debug\core.dp.test.dll" id="fc2c52e8-4329-e872-8ce0-4162fdc6d02c">
      <Execution id="22d8457c-32ff-4ec2-9ca5-bb7a6672f0f1" />
      <TestMethod codeBase="E:/董平/工作/工具集/代码/DPNetFx4/DP/Test/Core.DP.Test/bin/Debug/Core.DP.Test.DLL" adapterTypeName="Microsoft.VisualStudio.TestTools.TestTypes.Unit.UnitTestAdapter, Microsoft.VisualStudio.QualityTools.Tips.UnitTest.Adapter, Version=10.0.0.0, Culture=neutral, PublicKeyToken=b03f5f7f11d50a3a" className="Core.DP.Test.SqlServerDALTest, Core.DP.Test, Version=1.0.0.0, Culture=neutral, PublicKeyToken=null" name="GetMaxValueTest" />
    </UnitTest>
    <UnitTest name="DeleteTest1" storage="e:\董平\工作\工具集\代码\dpnetfx4\dp\test\core.dp.test\bin\debug\core.dp.test.dll" id="4b1a1d09-df33-9c12-9949-94f05b4a10cd">
      <Execution id="47307bbe-fb26-4578-9d91-8ec66da9fa7f" />
      <TestMethod codeBase="E:/董平/工作/工具集/代码/DPNetFx4/DP/Test/Core.DP.Test/bin/Debug/Core.DP.Test.DLL" adapterTypeName="Microsoft.VisualStudio.TestTools.TestTypes.Unit.UnitTestAdapter, Microsoft.VisualStudio.QualityTools.Tips.UnitTest.Adapter, Version=10.0.0.0, Culture=neutral, PublicKeyToken=b03f5f7f11d50a3a" className="Core.DP.Test.SqlServerDALTest, Core.DP.Test, Version=1.0.0.0, Culture=neutral, PublicKeyToken=null" name="DeleteTest1" />
    </UnitTest>
    <UnitTest name="DeleteTest8" storage="e:\董平\工作\工具集\代码\dpnetfx4\dp\test\core.dp.test\bin\debug\core.dp.test.dll" id="45b35950-cfc1-bd06-72a3-001e9233288a">
      <Execution id="6ce298e2-aa31-4b7e-b929-357df6b7b127" />
      <TestMethod codeBase="E:/董平/工作/工具集/代码/DPNetFx4/DP/Test/Core.DP.Test/bin/Debug/Core.DP.Test.DLL" adapterTypeName="Microsoft.VisualStudio.TestTools.TestTypes.Unit.UnitTestAdapter, Microsoft.VisualStudio.QualityTools.Tips.UnitTest.Adapter, Version=10.0.0.0, Culture=neutral, PublicKeyToken=b03f5f7f11d50a3a" className="Core.DP.Test.SqlServerDALTest, Core.DP.Test, Version=1.0.0.0, Culture=neutral, PublicKeyToken=null" name="DeleteTest8" />
    </UnitTest>
    <UnitTest name="UpdateTest3" storage="e:\董平\工作\工具集\代码\dpnetfx4\dp\test\core.dp.test\bin\debug\core.dp.test.dll" id="d6d42d5e-619c-d199-1403-bfc8ab5bb9dd">
      <Execution id="32c8e3fd-ec5e-4d16-87b2-de2d3421a550" />
      <TestMethod codeBase="E:/董平/工作/工具集/代码/DPNetFx4/DP/Test/Core.DP.Test/bin/Debug/Core.DP.Test.DLL" adapterTypeName="Microsoft.VisualStudio.TestTools.TestTypes.Unit.UnitTestAdapter, Microsoft.VisualStudio.QualityTools.Tips.UnitTest.Adapter, Version=10.0.0.0, Culture=neutral, PublicKeyToken=b03f5f7f11d50a3a" className="Core.DP.Test.SqlServerDALTest, Core.DP.Test, Version=1.0.0.0, Culture=neutral, PublicKeyToken=null" name="UpdateTest3" />
    </UnitTest>
    <UnitTest name="DeleteTest11" storage="e:\董平\工作\工具集\代码\dpnetfx4\dp\test\core.dp.test\bin\debug\core.dp.test.dll" id="73a0269d-9208-073c-7809-4b960138cb93">
      <Execution id="a94aad76-2c45-448d-8523-0cad223929c9" />
      <TestMethod codeBase="E:/董平/工作/工具集/代码/DPNetFx4/DP/Test/Core.DP.Test/bin/Debug/Core.DP.Test.DLL" adapterTypeName="Microsoft.VisualStudio.TestTools.TestTypes.Unit.UnitTestAdapter, Microsoft.VisualStudio.QualityTools.Tips.UnitTest.Adapter, Version=10.0.0.0, Culture=neutral, PublicKeyToken=b03f5f7f11d50a3a" className="Core.DP.Test.SqlServerDALTest, Core.DP.Test, Version=1.0.0.0, Culture=neutral, PublicKeyToken=null" name="DeleteTest11" />
    </UnitTest>
    <UnitTest name="ExecuteSQLTest2" storage="e:\董平\工作\工具集\代码\dpnetfx4\dp\test\core.dp.test\bin\debug\core.dp.test.dll" id="5dba27cc-84c5-2a2e-0fe8-a3c51263df2e">
      <Execution id="9586508b-c846-4f71-a4a8-be54a0bf79db" />
      <TestMethod codeBase="E:/董平/工作/工具集/代码/DPNetFx4/DP/Test/Core.DP.Test/bin/Debug/Core.DP.Test.DLL" adapterTypeName="Microsoft.VisualStudio.TestTools.TestTypes.Unit.UnitTestAdapter, Microsoft.VisualStudio.QualityTools.Tips.UnitTest.Adapter, Version=10.0.0.0, Culture=neutral, PublicKeyToken=b03f5f7f11d50a3a" className="Core.DP.Test.SqlServerDALTest, Core.DP.Test, Version=1.0.0.0, Culture=neutral, PublicKeyToken=null" name="ExecuteSQLTest2" />
    </UnitTest>
    <UnitTest name="GetEntityTest2" storage="e:\董平\工作\工具集\代码\dpnetfx4\dp\test\core.dp.test\bin\debug\core.dp.test.dll" id="b3a7c0c7-f143-ffa9-78f4-661782914383">
      <Execution id="9b1b7f85-3642-4a6e-a2ee-7abd494f1f40" />
      <TestMethod codeBase="E:/董平/工作/工具集/代码/DPNetFx4/DP/Test/Core.DP.Test/bin/Debug/Core.DP.Test.DLL" adapterTypeName="Microsoft.VisualStudio.TestTools.TestTypes.Unit.UnitTestAdapter, Microsoft.VisualStudio.QualityTools.Tips.UnitTest.Adapter, Version=10.0.0.0, Culture=neutral, PublicKeyToken=b03f5f7f11d50a3a" className="Core.DP.Test.SqlServerDALTest, Core.DP.Test, Version=1.0.0.0, Culture=neutral, PublicKeyToken=null" name="GetEntityTest2" />
    </UnitTest>
    <UnitTest name="GetEntityTest" storage="e:\董平\工作\工具集\代码\dpnetfx4\dp\test\core.dp.test\bin\debug\core.dp.test.dll" id="dde83687-932a-c0c9-9edf-f59a990057fc">
      <Execution id="3cce1f76-c139-4abc-bd79-96a0edabc8da" />
      <TestMethod codeBase="E:/董平/工作/工具集/代码/DPNetFx4/DP/Test/Core.DP.Test/bin/Debug/Core.DP.Test.DLL" adapterTypeName="Microsoft.VisualStudio.TestTools.TestTypes.Unit.UnitTestAdapter, Microsoft.VisualStudio.QualityTools.Tips.UnitTest.Adapter, Version=10.0.0.0, Culture=neutral, PublicKeyToken=b03f5f7f11d50a3a" className="Core.DP.Test.SqlServerDALTest, Core.DP.Test, Version=1.0.0.0, Culture=neutral, PublicKeyToken=null" name="GetEntityTest" />
    </UnitTest>
    <UnitTest name="ExecuteSQLTest4" storage="e:\董平\工作\工具集\代码\dpnetfx4\dp\test\core.dp.test\bin\debug\core.dp.test.dll" id="49377017-d265-4ceb-c991-96295a735de3">
      <Execution id="215b6e7d-9f14-47c8-86b8-a52f3c7cb872" />
      <TestMethod codeBase="E:/董平/工作/工具集/代码/DPNetFx4/DP/Test/Core.DP.Test/bin/Debug/Core.DP.Test.DLL" adapterTypeName="Microsoft.VisualStudio.TestTools.TestTypes.Unit.UnitTestAdapter, Microsoft.VisualStudio.QualityTools.Tips.UnitTest.Adapter, Version=10.0.0.0, Culture=neutral, PublicKeyToken=b03f5f7f11d50a3a" className="Core.DP.Test.SqlServerDALTest, Core.DP.Test, Version=1.0.0.0, Culture=neutral, PublicKeyToken=null" name="ExecuteSQLTest4" />
    </UnitTest>
  </TestDefinitions>
  <TestLists>
    <TestList name="列表中未列出的结果" id="8c84fa94-04c1-424b-9868-57a2d4851a1d" />
    <TestList name="所有已加载的结果" id="19431567-8539-422a-85d7-44ee4e166bda" />
  </TestLists>
  <TestEntries>
    <TestEntry testId="0627e0eb-8058-15e5-49bd-e78ec49f09ee" executionId="ca5806f7-838a-4586-bbaf-bce55f4a7def" testListId="8c84fa94-04c1-424b-9868-57a2d4851a1d" />
    <TestEntry testId="08c8eedc-4d64-9c0c-2469-927e91031f48" executionId="86bf7dc5-8bbd-4ea5-a075-5eeb901a6efb" testListId="8c84fa94-04c1-424b-9868-57a2d4851a1d" />
    <TestEntry testId="0efa00b8-a9b9-fca0-a714-6a068f415846" executionId="686f5a87-fa9a-40c5-8360-93a0c8e9ac6a" testListId="8c84fa94-04c1-424b-9868-57a2d4851a1d" />
    <TestEntry testId="1123c80a-f1d7-76bc-3deb-4af1b6fd405d" executionId="2e9056d4-d2fe-4475-8663-092cd4c6ab7e" testListId="8c84fa94-04c1-424b-9868-57a2d4851a1d" />
    <TestEntry testId="1517d4b5-033f-ce04-31ff-15e521e83ac0" executionId="facf3925-a58d-4eb9-b3e4-bad03d79ab23" testListId="8c84fa94-04c1-424b-9868-57a2d4851a1d" />
    <TestEntry testId="1743d33e-da0e-f5cd-1270-0ed971173693" executionId="9b376bbc-5a5a-48ee-a2f2-aec1ba384a56" testListId="8c84fa94-04c1-424b-9868-57a2d4851a1d" />
    <TestEntry testId="1d422d6f-c0b9-b161-874c-24627286f293" executionId="31eef176-d1bc-44e1-88fc-2316017c2aab" testListId="8c84fa94-04c1-424b-9868-57a2d4851a1d" />
    <TestEntry testId="1d6e71c5-9d5d-0012-c350-260aa3d14586" executionId="cd9d8bbb-746d-4ca3-b2b0-2dfd66a8c7f0" testListId="8c84fa94-04c1-424b-9868-57a2d4851a1d" />
    <TestEntry testId="1e00c320-e685-4a56-3b7f-6f0c0e382adf" executionId="d8ad86df-9a64-41ef-bc57-7936fd6181a9" testListId="8c84fa94-04c1-424b-9868-57a2d4851a1d" />
    <TestEntry testId="263b08ba-35d3-ef05-03fc-c021bdc8c100" executionId="74bff4df-5793-4521-b39f-1f202f4edbce" testListId="8c84fa94-04c1-424b-9868-57a2d4851a1d" />
    <TestEntry testId="279bc2eb-dbe3-f770-05f1-faef152c24cc" executionId="c94e5bfa-1824-4a40-b905-c60df7f44a4d" testListId="8c84fa94-04c1-424b-9868-57a2d4851a1d" />
    <TestEntry testId="3449baac-4349-da6f-fbc0-447477cf16e8" executionId="46c63ae5-65b4-4f94-816b-120de5dee0b9" testListId="8c84fa94-04c1-424b-9868-57a2d4851a1d" />
    <TestEntry testId="350a52c1-d050-aa92-3519-315cac45f0fb" executionId="3098c4cd-f3f5-4b88-a887-78cc85b8574a" testListId="8c84fa94-04c1-424b-9868-57a2d4851a1d" />
    <TestEntry testId="441ac6c3-b337-95c2-7d16-2662c47b3911" executionId="0963bd56-ec5e-41e9-9513-979355be9a95" testListId="8c84fa94-04c1-424b-9868-57a2d4851a1d" />
    <TestEntry testId="45b35950-cfc1-bd06-72a3-001e9233288a" executionId="6ce298e2-aa31-4b7e-b929-357df6b7b127" testListId="8c84fa94-04c1-424b-9868-57a2d4851a1d" />
    <TestEntry testId="47b8e4cc-ac5a-f5fd-6eeb-2a379a3db732" executionId="0129c5d1-f28c-4ec1-b39b-69d95bb6af8e" testListId="8c84fa94-04c1-424b-9868-57a2d4851a1d" />
    <TestEntry testId="49377017-d265-4ceb-c991-96295a735de3" executionId="215b6e7d-9f14-47c8-86b8-a52f3c7cb872" testListId="8c84fa94-04c1-424b-9868-57a2d4851a1d" />
    <TestEntry testId="4b1a1d09-df33-9c12-9949-94f05b4a10cd" executionId="47307bbe-fb26-4578-9d91-8ec66da9fa7f" testListId="8c84fa94-04c1-424b-9868-57a2d4851a1d" />
    <TestEntry testId="4d3261e9-f156-eede-ba4f-f2164a562a19" executionId="26b96b67-5777-4386-8687-420e83c1a08b" testListId="8c84fa94-04c1-424b-9868-57a2d4851a1d" />
    <TestEntry testId="4fd5d11c-5952-690f-aaa8-59db8260e51c" executionId="0113210c-9c6f-4e70-bad1-6c04d68197ad" testListId="8c84fa94-04c1-424b-9868-57a2d4851a1d" />
    <TestEntry testId="51390db3-56f2-aafb-5d99-c58b73b744b1" executionId="ae4068e9-f05c-4c9e-9a97-8d8c0aa4eb12" testListId="8c84fa94-04c1-424b-9868-57a2d4851a1d" />
    <TestEntry testId="526ae0dc-da90-97a2-d691-30d13f8207c9" executionId="8e6cf6ea-2ce3-45f4-8164-0b986c78b35b" testListId="8c84fa94-04c1-424b-9868-57a2d4851a1d" />
    <TestEntry testId="545d4122-e44f-fc53-bef3-b0054ec60906" executionId="3db30b73-a0df-44bd-9f80-f0cd9378eafa" testListId="8c84fa94-04c1-424b-9868-57a2d4851a1d" />
    <TestEntry testId="5472fc49-6ea2-b7d8-42ce-ee65fea25508" executionId="9765adac-c180-4e4f-829d-c564e65903e9" testListId="8c84fa94-04c1-424b-9868-57a2d4851a1d" />
    <TestEntry testId="56a42051-1685-6658-4ba8-86b2e58968c7" executionId="000175f1-5362-435d-b3b8-533552b410cb" testListId="8c84fa94-04c1-424b-9868-57a2d4851a1d" />
    <TestEntry testId="5c3878ce-c84d-03d2-193d-74ae1865dbd9" executionId="ecb19c1a-6bbe-472e-89f1-91cec80685de" testListId="8c84fa94-04c1-424b-9868-57a2d4851a1d" />
    <TestEntry testId="5dba27cc-84c5-2a2e-0fe8-a3c51263df2e" executionId="9586508b-c846-4f71-a4a8-be54a0bf79db" testListId="8c84fa94-04c1-424b-9868-57a2d4851a1d" />
    <TestEntry testId="5f2dd703-6a98-370b-f7c7-ca2574363947" executionId="41880710-fd48-4187-b9b5-55d9087cd05c" testListId="8c84fa94-04c1-424b-9868-57a2d4851a1d" />
    <TestEntry testId="644dad0e-62b4-832f-0d28-dc5aa5e91900" executionId="91b6934e-57a1-41af-afe3-cec5ad9954f6" testListId="8c84fa94-04c1-424b-9868-57a2d4851a1d" />
    <TestEntry testId="66e91492-03f3-c197-3907-fc440eecfa8f" executionId="656a7e3d-c203-423f-8f0c-c0d373ed6cb7" testListId="8c84fa94-04c1-424b-9868-57a2d4851a1d" />
    <TestEntry testId="69c8679a-2e9f-b3ad-4127-c0ad9d9689ab" executionId="f1d1b267-c1aa-4f61-bc03-a86d2bf58dea" testListId="8c84fa94-04c1-424b-9868-57a2d4851a1d" />
    <TestEntry testId="6a2322ec-0c3e-dba0-3e85-ede239c76481" executionId="bcaf716e-a6cf-42f5-9b17-8ff21abf2cb9" testListId="8c84fa94-04c1-424b-9868-57a2d4851a1d" />
    <TestEntry testId="6b9470f2-dd91-da51-7a8e-60716d64b155" executionId="c2a35a9d-6f81-4780-8096-eda1e820d227" testListId="8c84fa94-04c1-424b-9868-57a2d4851a1d" />
    <TestEntry testId="6e353c63-4919-1d34-c6e4-93dbcf86b1a7" executionId="84136c00-3b15-40d9-8168-7fa9209eecf0" testListId="8c84fa94-04c1-424b-9868-57a2d4851a1d" />
    <TestEntry testId="71f84f47-5bdf-9ee1-7e12-9a95c1cbf9f1" executionId="7f972d2b-5655-454a-b61d-18ed5bf54fa8" testListId="8c84fa94-04c1-424b-9868-57a2d4851a1d" />
    <TestEntry testId="73a0269d-9208-073c-7809-4b960138cb93" executionId="a94aad76-2c45-448d-8523-0cad223929c9" testListId="8c84fa94-04c1-424b-9868-57a2d4851a1d" />
    <TestEntry testId="73a8c2f5-8375-e221-67ef-f18471de18d2" executionId="4447aad1-086c-4323-9ab2-6851f9458f03" testListId="8c84fa94-04c1-424b-9868-57a2d4851a1d" />
    <TestEntry testId="755e977c-c625-3f78-04f4-053dd1231b27" executionId="364833f6-3d8e-42f9-ae13-e7c32b416212" testListId="8c84fa94-04c1-424b-9868-57a2d4851a1d" />
    <TestEntry testId="7b055c5b-a058-3a10-7508-cb353aaf9242" executionId="00a9d45e-7a9a-4313-a546-85e7beb6fdc7" testListId="8c84fa94-04c1-424b-9868-57a2d4851a1d" />
    <TestEntry testId="816cd580-cab2-a770-8312-839fe44cffc1" executionId="e212805f-dca4-44f2-8157-753a6b2f524d" testListId="8c84fa94-04c1-424b-9868-57a2d4851a1d" />
    <TestEntry testId="8188b37a-d615-a042-a7de-12a084176125" executionId="bd798be6-2bf8-4707-948c-0841d32331d8" testListId="8c84fa94-04c1-424b-9868-57a2d4851a1d" />
    <TestEntry testId="83a285c1-aff1-4d3a-7706-7b02e2b9b385" executionId="ec04acd5-8d43-4cc8-9732-b7266e1dcdf2" testListId="8c84fa94-04c1-424b-9868-57a2d4851a1d" />
    <TestEntry testId="8678b94d-d4b8-39e9-adf8-369cd405bd9b" executionId="19ea1889-f0be-4520-bdad-67d937e4ff79" testListId="8c84fa94-04c1-424b-9868-57a2d4851a1d" />
    <TestEntry testId="92975167-0aaf-36fa-4b84-9fe073e1745e" executionId="d3948fcc-c06c-415e-b84d-99d26e642ba6" testListId="8c84fa94-04c1-424b-9868-57a2d4851a1d" />
    <TestEntry testId="9d8df868-1765-85cc-27d7-89cf50c37c0e" executionId="7041b515-0b8d-4bb9-bc7f-a1aaff57dfdc" testListId="8c84fa94-04c1-424b-9868-57a2d4851a1d" />
    <TestEntry testId="9f47b0ac-9d97-7dc0-df7a-bd4e8e68365a" executionId="28b764c9-d36a-490c-a1ce-d1c495e249bf" testListId="8c84fa94-04c1-424b-9868-57a2d4851a1d" />
    <TestEntry testId="9fb8ebf2-a130-33c5-27b2-7d01ebb26587" executionId="2bff040a-0fe4-4e25-8ef7-f3d7b1d86e52" testListId="8c84fa94-04c1-424b-9868-57a2d4851a1d" />
    <TestEntry testId="a67ee085-53fa-3c47-128d-42f9e05cbb42" executionId="637ad97f-22e3-43c2-b113-5ca71fb5ef18" testListId="8c84fa94-04c1-424b-9868-57a2d4851a1d" />
    <TestEntry testId="a7a9cf29-548c-ff39-f528-45c68fbccbab" executionId="eb21a02f-152e-4921-9d97-4d060ddaf53c" testListId="8c84fa94-04c1-424b-9868-57a2d4851a1d" />
    <TestEntry testId="a8b7d46d-5067-7eaa-7ea8-16fd6c9e697d" executionId="586e1a7f-3518-4b98-9fa5-61ab486d90af" testListId="8c84fa94-04c1-424b-9868-57a2d4851a1d" />
    <TestEntry testId="a95a5aab-1435-8a9a-da02-c25173349ead" executionId="d04e20c9-d8ce-423d-8ca1-d44750d71627" testListId="8c84fa94-04c1-424b-9868-57a2d4851a1d" />
    <TestEntry testId="aa8079da-7822-9578-782a-f250747c2f7d" executionId="6b5a8c5b-2977-42c0-bb47-14c2a118f40d" testListId="8c84fa94-04c1-424b-9868-57a2d4851a1d" />
    <TestEntry testId="abb0a3f1-752a-90a8-64b6-afbb05f99ac9" executionId="f003ed81-b244-4b70-952e-5ad99b2660e8" testListId="8c84fa94-04c1-424b-9868-57a2d4851a1d" />
    <TestEntry testId="ada0ef76-0615-66dc-159a-62f296fe43a5" executionId="c7b2e5ea-eee9-4854-b2a5-30d401de3bd2" testListId="8c84fa94-04c1-424b-9868-57a2d4851a1d" />
    <TestEntry testId="aeb3b95c-66bd-3e6d-d4ee-cd35a378b5f1" executionId="d9cf74d7-402d-4c80-bad9-b1b12447a13b" testListId="8c84fa94-04c1-424b-9868-57a2d4851a1d" />
    <TestEntry testId="b16c953e-69d5-ea65-0149-745e4b00b03e" executionId="70d3adbc-e7a0-4f0a-80a6-dfe01c4ad41a" testListId="8c84fa94-04c1-424b-9868-57a2d4851a1d" />
    <TestEntry testId="b2f6e640-629f-858b-1686-10a93b696316" executionId="7aa86b60-0466-4267-8811-13cd814bf6b8" testListId="8c84fa94-04c1-424b-9868-57a2d4851a1d" />
    <TestEntry testId="b2fc2337-87a9-7c14-1d03-e2f9058ff238" executionId="a192811b-e5a6-49d7-b119-ea9248255a36" testListId="8c84fa94-04c1-424b-9868-57a2d4851a1d" />
    <TestEntry testId="b3a7c0c7-f143-ffa9-78f4-661782914383" executionId="9b1b7f85-3642-4a6e-a2ee-7abd494f1f40" testListId="8c84fa94-04c1-424b-9868-57a2d4851a1d" />
    <TestEntry testId="b793ef8d-0a29-83cf-d7f8-c6d258484b9b" executionId="c7dd945c-8ea0-4ab4-9c02-fcf91e0eb1d7" testListId="8c84fa94-04c1-424b-9868-57a2d4851a1d" />
    <TestEntry testId="ba5616fb-fc77-6945-56ef-e08d0b7bade1" executionId="a978e7e6-4ca1-4ead-84d6-8fa6b7418610" testListId="8c84fa94-04c1-424b-9868-57a2d4851a1d" />
    <TestEntry testId="c0b3f568-28ab-16f8-c39d-6a9079f8b5bc" executionId="ace12449-ca69-4f4c-b83e-250d3dfad0d5" testListId="8c84fa94-04c1-424b-9868-57a2d4851a1d" />
    <TestEntry testId="c0fcfca4-e7d5-ab49-abbc-86567b4a9415" executionId="18e6f29e-84eb-432b-a491-3801d7d8398c" testListId="8c84fa94-04c1-424b-9868-57a2d4851a1d" />
    <TestEntry testId="c32b3d08-3509-a5e6-8ce4-cc03b3ee9be3" executionId="ed5c2482-31b4-449c-b69c-9b2e62a5f745" testListId="8c84fa94-04c1-424b-9868-57a2d4851a1d" />
    <TestEntry testId="d123881f-f2bb-ef95-4b3e-6cf11310b7e2" executionId="6d3fc8bb-e66e-4e3f-a743-9a75ffa45f94" testListId="8c84fa94-04c1-424b-9868-57a2d4851a1d" />
    <TestEntry testId="d6d42d5e-619c-d199-1403-bfc8ab5bb9dd" executionId="32c8e3fd-ec5e-4d16-87b2-de2d3421a550" testListId="8c84fa94-04c1-424b-9868-57a2d4851a1d" />
    <TestEntry testId="d9bb61dd-4543-227c-6598-b1ebb33aaaa7" executionId="cf3c0e74-4402-4ad2-a8f4-3a0779f1dbf3" testListId="8c84fa94-04c1-424b-9868-57a2d4851a1d" />
    <TestEntry testId="db3463cb-071b-9917-c0bd-bd1ee5db6d62" executionId="8433de9f-3d36-4a32-b849-906ec5bea496" testListId="8c84fa94-04c1-424b-9868-57a2d4851a1d" />
    <TestEntry testId="dbb289b0-8f4e-42b6-1a21-a1a476b4946f" executionId="35724dfc-3d38-46ee-b4cc-0cc33f7a137f" testListId="8c84fa94-04c1-424b-9868-57a2d4851a1d" />
    <TestEntry testId="dd42bb43-506a-1659-d320-4e8205a1dd62" executionId="9abe3b0b-3185-4026-abd7-d2430936420f" testListId="8c84fa94-04c1-424b-9868-57a2d4851a1d" />
    <TestEntry testId="dd4ae5fe-224a-9d72-6035-b9eee4f92bfc" executionId="8d06bc2f-960c-478f-83e6-cd94043a538e" testListId="8c84fa94-04c1-424b-9868-57a2d4851a1d" />
    <TestEntry testId="dde83687-932a-c0c9-9edf-f59a990057fc" executionId="3cce1f76-c139-4abc-bd79-96a0edabc8da" testListId="8c84fa94-04c1-424b-9868-57a2d4851a1d" />
    <TestEntry testId="de29d5e0-637a-ed73-f313-ade2ca110006" executionId="3dc7f827-77a1-4fa8-b208-828203fdf94f" testListId="8c84fa94-04c1-424b-9868-57a2d4851a1d" />
    <TestEntry testId="de9522e3-6c93-1213-15e9-390b2538f9a5" executionId="df669166-b442-43e6-9135-675ebfc72630" testListId="8c84fa94-04c1-424b-9868-57a2d4851a1d" />
    <TestEntry testId="e005f2fc-e832-165f-4829-e772fbaf4aa9" executionId="2a515d4b-dc09-4f9c-a057-f9dbb39df70b" testListId="8c84fa94-04c1-424b-9868-57a2d4851a1d" />
    <TestEntry testId="e0899df6-796c-3b6c-9ea3-535ec4bebd91" executionId="b990a610-f564-4e64-9bcb-a52e508e4a78" testListId="8c84fa94-04c1-424b-9868-57a2d4851a1d" />
    <TestEntry testId="e1957cf7-251f-74cb-faf0-783048b10e44" executionId="ad4d4f32-cbb7-4013-885d-37f826408f27" testListId="8c84fa94-04c1-424b-9868-57a2d4851a1d" />
    <TestEntry testId="e2e2de97-afa5-a397-50d3-1c770edf7622" executionId="623704d9-37d1-4484-adf3-7c0ed5200622" testListId="8c84fa94-04c1-424b-9868-57a2d4851a1d" />
    <TestEntry testId="eb66a7aa-fc50-3163-9ffc-73e9c7365279" executionId="4114fd83-157e-426e-9893-c220082ac28d" testListId="8c84fa94-04c1-424b-9868-57a2d4851a1d" />
    <TestEntry testId="ec9a1c78-46cb-68f7-2fa0-80a818d4fd7f" executionId="75d424dd-d10e-4e2d-ae22-e5f380c7cf4a" testListId="8c84fa94-04c1-424b-9868-57a2d4851a1d" />
    <TestEntry testId="edf1cea5-b84d-5b41-b80d-3b79ff5ee42b" executionId="b51c6223-fdb0-4397-ac53-5be829cbc715" testListId="8c84fa94-04c1-424b-9868-57a2d4851a1d" />
    <TestEntry testId="efc59a07-2f06-c7a1-1076-12995d9745b1" executionId="95964832-3244-473f-a870-cef3aa8f7120" testListId="8c84fa94-04c1-424b-9868-57a2d4851a1d" />
    <TestEntry testId="f4a120b0-2e65-410f-4b9e-4ce8c67cf36c" executionId="0c804388-722f-4570-a74c-7e0291fb7794" testListId="8c84fa94-04c1-424b-9868-57a2d4851a1d" />
    <TestEntry testId="fc2c52e8-4329-e872-8ce0-4162fdc6d02c" executionId="22d8457c-32ff-4ec2-9ca5-bb7a6672f0f1" testListId="8c84fa94-04c1-424b-9868-57a2d4851a1d" />
  </TestEntries>
  <Results>
    <UnitTestResult executionId="ca5806f7-838a-4586-bbaf-bce55f4a7def" testId="0627e0eb-8058-15e5-49bd-e78ec49f09ee" testName="GetMinValueTest3" computerName="DP-PC-N56" duration="00:00:00.4973405" startTime="2015-02-09T23:19:44.7522474+08:00" endTime="2015-02-09T23:19:45.9069831+08:00" testType="13cdc9d9-ddb5-4fa4-a97d-d965ccfc6d4b" outcome="Failed" testListId="8c84fa94-04c1-424b-9868-57a2d4851a1d" relativeResultsDirectory="ca5806f7-838a-4586-bbaf-bce55f4a7def">
      <Output>
        <ErrorInfo>
          <Message>测试方法 Core.DP.Test.SqlServerDALTest.GetMinValueTest3 引发了异常: 
System.Data.SqlClient.SqlException: 无法打开登录所请求的数据库 "CallThink_sheitc"。登录失败。
用户 'sa' 登录失败。</Message>
          <StackTrace>    在 System.Data.SqlClient.SqlInternalConnection.OnError(SqlException exception, Boolean breakConnection, Action`1 wrapCloseInAction)
   在 System.Data.SqlClient.TdsParser.ThrowExceptionAndWarning(TdsParserStateObject stateObj, Boolean callerHasConnectionLock, Boolean asyncClose)
   在 System.Data.SqlClient.TdsParser.TryRun(RunBehavior runBehavior, SqlCommand cmdHandler, SqlDataReader dataStream, BulkCopySimpleResultSet bulkCopyHandler, TdsParserStateObject stateObj, Boolean&amp; dataReady)
   在 System.Data.SqlClient.TdsParser.Run(RunBehavior runBehavior, SqlCommand cmdHandler, SqlDataReader dataStream, BulkCopySimpleResultSet bulkCopyHandler, TdsParserStateObject stateObj)
   在 System.Data.SqlClient.SqlInternalConnectionTds.CompleteLogin(Boolean enlistOK)
   在 System.Data.SqlClient.SqlInternalConnectionTds.AttemptOneLogin(ServerInfo serverInfo, String newPassword, SecureString newSecurePassword, Boolean ignoreSniOpenTimeout, TimeoutTimer timeout, Boolean withFailover)
   在 System.Data.SqlClient.SqlInternalConnectionTds.LoginNoFailover(ServerInfo serverInfo, String newPassword, SecureString newSecurePassword, Boolean redirectedUserInstance, SqlConnectionString connectionOptions, SqlCredential credential, TimeoutTimer timeout)
   在 System.Data.SqlClient.SqlInternalConnectionTds.OpenLoginEnlist(TimeoutTimer timeout, SqlConnectionString connectionOptions, SqlCredential credential, String newPassword, SecureString newSecurePassword, Boolean redirectedUserInstance)
   在 System.Data.SqlClient.SqlInternalConnectionTds..ctor(DbConnectionPoolIdentity identity, SqlConnectionString connectionOptions, SqlCredential credential, Object providerInfo, String newPassword, SecureString newSecurePassword, Boolean redirectedUserInstance, SqlConnectionString userConnectionOptions, SessionData reconnectSessionData)
   在 System.Data.SqlClient.SqlConnectionFactory.CreateConnection(DbConnectionOptions options, DbConnectionPoolKey poolKey, Object poolGroupProviderInfo, DbConnectionPool pool, DbConnection owningConnection, DbConnectionOptions userOptions)
   在 System.Data.ProviderBase.DbConnectionFactory.CreatePooledConnection(DbConnectionPool pool, DbConnection owningObject, DbConnectionOptions options, DbConnectionPoolKey poolKey, DbConnectionOptions userOptions)
   在 System.Data.ProviderBase.DbConnectionPool.CreateObject(DbConnection owningObject, DbConnectionOptions userOptions, DbConnectionInternal oldConnection)
   在 System.Data.ProviderBase.DbConnectionPool.UserCreateRequest(DbConnection owningObject, DbConnectionOptions userOptions, DbConnectionInternal oldConnection)
   在 System.Data.ProviderBase.DbConnectionPool.TryGetConnection(DbConnection owningObject, UInt32 waitForMultipleObjectsTimeout, Boolean allowCreate, Boolean onlyOneCheckConnection, DbConnectionOptions userOptions, DbConnectionInternal&amp; connection)
   在 System.Data.ProviderBase.DbConnectionPool.TryGetConnection(DbConnection owningObject, TaskCompletionSource`1 retry, DbConnectionOptions userOptions, DbConnectionInternal&amp; connection)
   在 System.Data.ProviderBase.DbConnectionFactory.TryGetConnection(DbConnection owningConnection, TaskCompletionSource`1 retry, DbConnectionOptions userOptions, DbConnectionInternal oldConnection, DbConnectionInternal&amp; connection)
   在 System.Data.ProviderBase.DbConnectionInternal.TryOpenConnectionInternal(DbConnection outerConnection, DbConnectionFactory connectionFactory, TaskCompletionSource`1 retry, DbConnectionOptions userOptions)
   在 System.Data.ProviderBase.DbConnectionClosed.TryOpenConnection(DbConnection outerConnection, DbConnectionFactory connectionFactory, TaskCompletionSource`1 retry, DbConnectionOptions userOptions)
   在 System.Data.SqlClient.SqlConnection.TryOpenInner(TaskCompletionSource`1 retry)
   在 System.Data.SqlClient.SqlConnection.TryOpen(TaskCompletionSource`1 retry)
   在 System.Data.SqlClient.SqlConnection.Open()
   在 DP.Data.SqlClient.SqlHelper.ExecuteScalar(String connectionString, CommandType cmdType, String cmdText, DbParameter[] commandParameters) 位置 E:\董平\工作\工具集\代码\DPNetFx4\DP\Core\DP\Data\SqlClient\SqlHelper.cs:行号 764
   在 DP.Data.SqlClient.SqlServerDAL.GetMinValue[T](String Field, List`1 conditions, String tableName) 位置 E:\董平\工作\工具集\代码\DPNetFx4\DP\Core\DP\Data\SqlClient\SqlServerDAL.cs:行号 1863
   在 Core.DP.Test.SqlServerDALTest.GetMinValueTest3() 位置 E:\董平\工作\工具集\代码\DPNetFx4\DP\Test\Core.DP.Test\SqlServerDALTest.cs:行号 1035
</StackTrace>
        </ErrorInfo>
      </Output>
    </UnitTestResult>
    <UnitTestResult executionId="86bf7dc5-8bbd-4ea5-a075-5eeb901a6efb" testId="08c8eedc-4d64-9c0c-2469-927e91031f48" testName="UpdateTest2" computerName="DP-PC-N56" duration="00:00:00.0002097" startTime="2015-02-09T23:19:45.9152019+08:00" endTime="2015-02-09T23:19:45.9182033+08:00" testType="13cdc9d9-ddb5-4fa4-a97d-d965ccfc6d4b" outcome="Passed" testListId="8c84fa94-04c1-424b-9868-57a2d4851a1d" relativeResultsDirectory="86bf7dc5-8bbd-4ea5-a075-5eeb901a6efb">
    </UnitTestResult>
    <UnitTestResult executionId="686f5a87-fa9a-40c5-8360-93a0c8e9ac6a" testId="0efa00b8-a9b9-fca0-a714-6a068f415846" testName="GetViewListTest" computerName="DP-PC-N56" duration="00:00:00.0841678" startTime="2015-02-09T23:19:45.9245747+08:00" endTime="2015-02-09T23:19:46.0118761+08:00" testType="13cdc9d9-ddb5-4fa4-a97d-d965ccfc6d4b" outcome="Failed" testListId="8c84fa94-04c1-424b-9868-57a2d4851a1d" relativeResultsDirectory="686f5a87-fa9a-40c5-8360-93a0c8e9ac6a">
      <Output>
        <ErrorInfo>
[...]
   在 System.Data.SqlClient.TdsParser.TryRun(RunBehavior runBehavior, SqlCommand cmdHandler, SqlDataReader dataStream, BulkCopySimpleResultSet bulkCopyHandler, TdsParserStateObject stateObj, Boolean&amp; dataReady)
   在 System.Data.SqlClient.SqlDataReader.TryConsumeMetaData()
   在 System.Data.SqlClient.SqlDataReader.get_MetaData()
   在 System.Data.SqlClient.SqlCommand.FinishExecuteReader(SqlDataReader ds, RunBehavior runBehavior, String resetOptionsString)
   在 System.Data.SqlClient.SqlCommand.RunExecuteReaderTds(CommandBehavior cmdBehavior, RunBehavior runBehavior, Boolean returnStream, Boolean async, Int32 timeout, Task&amp; task, Boolean asyncWrite, SqlDataReader ds)
   在 System.Data.SqlClient.SqlCommand.RunExecuteReader(CommandBehavior cmdBehavior, RunBehavior runBehavior, Boolean returnStream, String method, TaskCompletionSource`1 completion, Int32 timeout, Task&amp; task, Boolean asyncWrite)
   在 System.Data.SqlClient.SqlCommand.RunExecuteReader(CommandBehavior cmdBehavior, RunBehavior runBehavior, Boolean returnStream, String method)
   在 System.Data.SqlClient.SqlCommand.ExecuteScalar()
   在 DP.Data.SqlClient.SqlHelper.ExecuteScalar(String connectionString, CommandType cmdType, String cmdText, DbParameter[] commandParameters) 位置 E:\董平\工作\工具集\代码\DPNetFx4\DP\Core\DP\Data\SqlClient\SqlHelper.cs:行号 779
   在 DP.Data.SqlClient.SqlServerDAL.ExecuteScalarSQL(String SQLString, CommandType commandType, DbParameter[] commandParameters) 位置 E:\董平\工作\工具集\代码\DPNetFx4\DP\Core\DP\Data\SqlClient\SqlServerDAL.cs:行号 2349
   在 Core.DP.Test.SqlServerDALTest.ExecuteScalarSQLTest5() 位置 E:\董平\工作\工具集\代码\DPNetFx4\DP\Test\Core.DP.Test\SqlServerDALTest.cs:行号 611
</StackTrace>
        </ErrorInfo>
      </Output>
    </UnitTestResult>
    <UnitTestResult executionId="ad4d4f32-cbb7-4013-885d-37f826408f27" testId="e1957cf7-251f-74cb-faf0-783048b10e44" testName="DeleteTest6" computerName="DP-PC-N56" duration="00:00:00.0109163" startTime="2015-02-09T23:19:47.7912764+08:00" endTime="2015-02-09T23:19:47.8055866+08:00" testType="13cdc9d9-ddb5-4fa4-a97d-d965ccfc6d4b" outcome="Failed" testListId="8c84fa94-04c1-424b-9868-57a2d4851a1d" relativeResultsDirectory="ad4d4f32-cbb7-4013-885d-37f826408f27">
      <Output>
        <ErrorInfo>
          <Message>测试方法 Core.DP.Test.SqlServerDALTest.DeleteTest6 引发了异常: 
System.Data.SqlClient.SqlException: 无法打开登录所请求的数据库 "CallThink_sheitc"。登录失败。
用户 'sa' 登录失败。</Message>
          <StackTrace>    在 System.Data.ProviderBase.DbConnectionPool.TryGetConnection(DbConnection owningObject, UInt32 waitForMultipleObjectsTimeout, Boolean allowCreate, Boolean onlyOneCheckConnection, DbConnectionOptions userOptions, DbConnectionInternal&amp; connection)
   在 System.Data.ProviderBase.DbConnectionPool.TryGetConnection(DbConnection owningObject, TaskCompletionSource`1 retry, DbConnectionOptions userOptions, DbConnectionInternal&amp; connection)
   在 System.Data.ProviderBase.DbConnectionFactory.TryGetConnection(DbConnection owningConnection, TaskCompletionSource`1 retry, DbConnectionOptions userOptions, DbConnectionInternal oldConnection, DbConnectionInternal&amp; connection)
   在 System.Data.ProviderBase.DbConnectionInternal.TryOpenConnectionInternal(DbConnection outerConnection, DbConnectionFactory connectionFactory, TaskCompletionSource`1 retry, DbConnectionOptions userOptions)
   在 System.Data.ProviderBase.DbConnectionClosed.TryOpenConnection(DbConnection outerConnection, DbConnectionFactory connectionFactory, TaskCompletionSource`1 retry, DbConnectionOptions userOptions)
   在 System.Data.SqlClient.SqlConnection.TryOpenInner(TaskCompletionSource`1 retry)
   在 System.Data.SqlClient.SqlConnection.TryOpen(TaskCompletionSource`1 retry)
   在 System.Data.SqlClient.SqlConnection.Open()
   在 DP.Data.SqlClient.SqlHelper.PrepareCommand(SqlCommand cmd, SqlConnection conn, SqlTransaction trans, CommandType cmdType, String cmdText, DbParameter[] cmdParms) 位置 E:\董平\工作\工具集\代码\DPNetFx4\DP\Core\DP\Data\SqlClient\SqlHelper.cs:行号 899
   在 DP.Data.SqlClient.SqlHelper.ExecuteNonQuery(String connectionString, CommandType cmdType, String cmdText, DbParameter[] commandParameters) 位置 E:\董平\工作\工具集\代码\DPNetFx4\DP\Core\DP\Data\SqlClient\SqlHelper.cs:行号 317
   在 DP.Data.SqlClient.SqlServerDAL.Delete[T](List`1 conditions, String tableName) 位置 E:\董平\工作\工具集\代码\DPNetFx4\DP\Core\DP\Data\SqlClient\SqlServerDAL.cs:行号 1111
   在 DP.Data.SqlClient.SqlServerDAL.Delete[T](String Field, String Value, String tableName) 位置 E:\董平\工作\工具集\代码\DPNetFx4\DP\Core\DP\Data\SqlClient\SqlServerDAL.cs:行号 1186
   在 Core.DP.Test.SqlServerDALTest.DeleteTest6() 位置 E:\董平\工作\工具集\代码\DPNetFx4\DP\Test\Core.DP.Test\SqlServerDALTest.cs:行号 194
</StackTrace>
        </ErrorInfo>
      </Output>
    </UnitTestResult>
    <UnitTestResult executionId="623704d9-37d1-4484-adf3-7c0ed5200622" testId="e2e2de97-afa5-a397-50d3-1c770edf7622" testName="GetMaxValueTest3" computerName="DP-PC-N56" duration="00:00:00.0038129" startTime="2015-02-09T23:19:47.8119243+08:00" endTime="2015-02-09T23:19:47.8207782+08:00" testType="13cdc9d9-ddb5-4fa4-a97d-d965ccfc6d4b" outcome="Failed" testListId="8c84fa94-04c1-424b-9868-57a2d4851a1d" relativeResultsDirectory="623704d9-37d1-4484-adf3-7c0ed5200622">
      <Output>
        <ErrorInfo>
          <Message>测试方法 Core.DP.Test.SqlServerDALTest.GetMaxValueTest3 引发了异常: 
System.Data.SqlClient.SqlException: 无法打开登录所请求的数据库 "CallThink_sheitc"。登录失败。
用户 'sa' 登录失败。</Message>
          <StackTrace>    在 System.Data.ProviderBase.DbConnectionPool.TryGetConnection(DbConnection owningObject, UInt32 waitForMultipleObjectsTimeout, Boolean allowCreate, Boolean onlyOneCheckConnection, DbConnectionOptions userOptions, DbConnectionInternal&amp; connection)
   在 System.Data.ProviderBase.DbConnectionPool.TryGetConnection(DbConnection owningObject, TaskCompletionSource`1 retry, DbConnectionOptions userOptions, DbConnectionInternal&amp; connection)
   在 System.Data.ProviderBase.DbConnectionFactory.TryGetConnection(DbConnection owningConnection, TaskCompletionSource`1 retry, DbConnectionOptions userOptions, DbConnectionInternal oldConnection, DbConnectionInternal&amp; connection)
   在 System.Data.ProviderBase.DbConnectionInternal.TryOpenConnectionInternal(DbConnection outerConnection, DbConnectionFactory connectionFactory, TaskCompletionSource`1 retry, DbConnectionOptions userOptions)
   在 System.Data.ProviderBase.DbConnectionClosed.TryOpenConnection(DbConnection outerConnection, DbConnectionFactory connectionFactory, TaskCompletionSource`1 retry, DbConnectionOptions userOptions)
   在 System.Data.SqlClient.SqlConnection.TryOpenInner(TaskCompletionSource`1 retry)
   在 System.Data.SqlClient.SqlConnection.TryOpen(TaskCompletionSource`1 retry)
   在 System.Data.SqlClient.SqlConnection.Open()
   在 DP.Data.SqlClient.SqlHelper.ExecuteScalar(String connectionString, CommandType cmdType, String cmdText, DbParameter[] commandParameters) 位置 E:\董平\工作\工具集\代码\DPNetFx4\DP\Core\DP\Data\SqlClient\SqlHelper.cs:行号 764
   在 DP.Data.SqlClient.SqlServerDAL.GetMaxValue[T](String Field, List`1 conditions, String tableName) 位置 E:\董平\工作\工具集\代码\DPNetFx4\DP\Core\DP\Data\SqlClient\SqlServerDAL.cs:行号 1796
   在 DP.Data.SqlClient.SqlServerDAL.GetMaxValue[T](String Field, List`1 conditions) 位置 E:\董平\工作\工具集\代码\DPNetFx4\DP\Core\DP\Data\SqlClient\SqlServerDAL.cs:行号 1751
   在 Core.DP.Test.SqlServerDALTest.GetMaxValueTest3() 位置 E:\董平\工作\工具集\代码\DPNetFx4\DP\Test\Core.DP.Test\SqlServerDALTest.cs:行号 972
</StackTrace>
        </ErrorInfo>
      </Output>
    </UnitTestResult>
    <UnitTestResult executionId="4114fd83-157e-426e-9893-c220082ac28d" testId="eb66a7aa-fc50-3163-9ffc-73e9c7365279" testName="GetMinValueTest2" computerName="DP-PC-N56" duration="00:00:00.0048988" startTime="2015-02-09T23:19:47.8250662+08:00" endTime="2015-02-09T23:19:47.8358734+08:00" testType="13cdc9d9-ddb5-4fa4-a97d-d965ccfc6d4b" outcome="Failed" testListId="8c84fa94-04c1-424b-9868-57a2d4851a1d" relativeResultsDirectory="4114fd83-157e-426e-9893-c220082ac28d">
      <Output>
        <ErrorInfo>
          <Message>测试方法 Core.DP.Test.SqlServerDALTest.GetMinValueTest2 引发了异常: 
System.Data.SqlClient.SqlException: 无法打开登录所请求的数据库 "CallThink_sheitc"。登录失败。
用户 'sa' 登录失败。</Message>
          <StackTrace>    在 System.Data.ProviderBase.DbConnectionPool.TryGetConnection(DbConnection owningObject, UInt32 waitForMultipleObjectsTimeout, Boolean allowCreate, Boolean onlyOneCheckConnection, DbConnectionOptions userOptions, DbConnectionInternal&amp; connection)
   在 System.Data.ProviderBase.DbConnectionPool.TryGetConnection(DbConnection owningObject, TaskCompletionSource`1 retry, DbConnectionOptions userOptions, DbConnectionInternal&amp; connection)
   在 System.Data.ProviderBase.DbConnectionFactory.TryGetConnection(DbConnection owningConnection, TaskCompletionSource`1 retry, DbConnectionOptions userOptions, DbConnectionInternal oldConnection, DbConnectionInternal&amp; connection)
   在 System.Data.ProviderBase.DbConnectionInternal.TryOpenConnectionInternal(DbConnection outerConnection, DbConnectionFactory connectionFactory, TaskCompletionSource`1 retry, DbConnectionOptions userOptions)
   在 System.Data.ProviderBase.DbConnectionClosed.TryOpenConnection(DbConnection outerConnection, DbConnectionFactory connectionFactory, TaskCompletionSource`1 retry, DbConnectionOptions userOptions)
   在 System.Data.SqlClient.SqlConnection.TryOpenInner(TaskCompletionSource`1 retry)
   在 System.Data.SqlClient.SqlConnection.TryOpen(TaskCompletionSource`1 retry)
   在 System.Data.SqlClient.SqlConnection.Open()
   在 DP.Data.SqlClient.SqlHelper.ExecuteScalar(String connectionString, CommandType cmdType, String cmdText, DbParameter[] commandParameters) 位置 E:\董平\工作\工具集\代码\DPNetFx4\DP\Core\DP\Data\SqlClient\SqlHelper.cs:行号 764
   在 DP.Data.SqlClient.SqlServerDAL.GetMinValue[T](String Field, List`1 conditions, String tableName) 位置 E:\董平\工作\工具集\代码\DPNetFx4\DP\Core\DP\Data\SqlClient\SqlServerDAL.cs:行号 1863
   在 DP.Data.SqlClient.SqlServerDAL.GetMinValue[T](String Field, String tableName) 位置 E:\董平\工作\工具集\代码\DPNetFx4\DP\Core\DP\Data\SqlClient\SqlServerDAL.cs:行号 1831
   在 DP.Data.SqlClient.SqlServerDAL.GetMinValue[T](String Field) 位置 E:\董平\工作\工具集\代码\DPNetFx4\DP\Core\DP\Data\SqlClient\SqlServerDAL.cs:行号 1810
   在 Core.DP.Test.SqlServerDALTest.GetMinValueTest2() 位置 E:\董平\工作\工具集\代码\DPNetFx4\DP\Test\Core.DP.Test\SqlServerDALTest.cs:行号 1019
</StackTrace>
        </ErrorInfo>
      </Output>
    </UnitTestResult>
    <UnitTestResult executionId="75d424dd-d10e-4e2d-ae22-e5f380c7cf4a" testId="ec9a1c78-46cb-68f7-2fa0-80a818d4fd7f" testName="InsertTest1" computerName="DP-PC-N56" duration="00:00:00.0001945" startTime="2015-02-09T23:19:47.8411487+08:00" endTime="2015-02-09T23:19:47.8461526+08:00" testType="13cdc9d9-ddb5-4fa4-a97d-d965ccfc6d4b" outcome="Passed" testListId="8c84fa94-04c1-424b-9868-57a2d4851a1d" relativeResultsDirectory="75d424dd-d10e-4e2d-ae22-e5f380c7cf4a">
    </UnitTestResult>
    <UnitTestResult executionId="b51c6223-fdb0-4397-ac53-5be829cbc715" testId="edf1cea5-b84d-5b41-b80d-3b79ff5ee42b" testName="UpdateTest" computerName="DP-PC-N56" duration="00:00:00.0002327" startTime="2015-02-09T23:19:47.8521562+08:00" endTime="2015-02-09T23:19:47.8554474+08:00" testType="13cdc9d9-ddb5-4fa4-a97d-d965ccfc6d4b" outcome="Passed" testListId="8c84fa94-04c1-424b-9868-57a2d4851a1d" relativeResultsDirectory="b51c6223-fdb0-4397-ac53-5be829cbc715">
    </UnitTestResult>
    <UnitTestResult executionId="95964832-3244-473f-a870-cef3aa8f7120" testId="efc59a07-2f06-c7a1-1076-12995d9745b1" testName="GetDistinctTableTest1" computerName="DP-PC-N56" duration="00:00:00.0075093" startTime="2015-02-09T23:19:47.8594492+08:00" endTime="2015-02-09T23:19:47.8712889+08:00" testType="13cdc9d9-ddb5-4fa4-a97d-d965ccfc6d4b" outcome="Failed" testListId="8c84fa94-04c1-424b-9868-57a2d4851a1d" relativeResultsDirectory="95964832-3244-473f-a870-cef3aa8f7120">
      <Output>
        <ErrorInfo>
          <Message>测试方法 Core.DP.Test.SqlServerDALTest.GetDistinctTableTest1 引发了异常: 
System.Data.SqlClient.SqlException: 无法打开登录所请求的数据库 "CallThink_sheitc"。登录失败。
用户 'sa' 登录失败。</Message>
          <StackTrace>    在 System.Data.ProviderBase.DbConnectionPool.TryGetConnection(DbConnection owningObject, UInt32 waitForMultipleObjectsTimeout, Boolean allowCreate, Boolean onlyOneCheckConnection, DbConnectionOptions userOptions, DbConnectionInternal&amp; connection)
   在 System.Data.ProviderBase.DbConnectionPool.TryGetConnection(DbConnection owningObject, TaskCompletionSource`1 retry, DbConnectionOptions userOptions, DbConnectionInternal&amp; connection)
   在 System.Data.ProviderBase.DbConnectionFactory.TryGetConnection(DbConnection owningConnection, TaskCompletionSource`1 retry, DbConnectionOptions userOptions, DbConnectionInternal oldConnection, DbConnectionInternal&amp; connection)
   在 System.Data.ProviderBase.DbConnectionInternal.TryOpenConnectionInternal(DbConnection outerConnection, DbConnectionFactory connectionFactory, TaskCompletionSource`1 retry, DbConnectionOptions userOptions)
   在 System.Data.ProviderBase.DbConnectionClosed.TryOpenConnection(DbConnection outerConnection, DbConnectionFactory connectionFactory, TaskCompletionSource`1 retry, DbConnectionOptions userOptions)
   在 System.Data.SqlClient.SqlConnection.TryOpenInner(TaskCompletionSource`1 retry)
   在 System.Data.SqlClient.SqlConnection.TryOpen(TaskCompletionSource`1 retry)
   在 System.Data.SqlClient.SqlConnection.Open()
   在 DP.Data.SqlClient.SqlHelper.PrepareCommand(SqlCommand cmd, SqlConnection conn, SqlTransaction trans, CommandType cmdType, String cmdText, DbParameter[] cmdParms) 位置 E:\董平\工作\工具集\代码\DPNetFx4\DP\Core\DP\Data\SqlClient\SqlHelper.cs:行号 899
   在 DP.Data.SqlClient.SqlHelper.ExecuteDataAdapter(String connectionString, CommandType cmdType, String cmdText, DbParameter[] commandParameters) 位置 E:\董平\工作\工具集\代码\DPNetFx4\DP\Core\DP\Data\SqlClient\SqlHelper.cs:行号 652
   在 DP.Data.SqlClient.SqlServerDAL.GetDistinctTable[T](String Fields, List`1 conditions, String tableName) 位置 E:\董平\工作\工具集\代码\DPNetFx4\DP\Core\DP\Data\SqlClient\SqlServerDAL.cs:行号 1922
   在 DP.Data.SqlClient.SqlServerDAL.GetDistinctTable[T](String Fields, String tableName) 位置 E:\董平\工作\工具集\代码\DPNetFx4\DP\Core\DP\Data\SqlClient\SqlServerDAL.cs:行号 1898
   在 DP.Data.SqlClient.SqlServerDAL.GetDistinctTable[T](String Fields) 位置 E:\董平\工作\工具集\代码\DPNetFx4\DP\Core\DP\Data\SqlClient\SqlServerDAL.cs:行号 1877
   在 Core.DP.Test.SqlServerDALTest.GetDistinctTableTest1() 位置 E:\董平\工作\工具集\代码\DPNetFx4\DP\Test\Core.DP.Test\SqlServerDALTest.cs:行号 780
</StackTrace>
        </ErrorInfo>
      </Output>
    </UnitTestResult>
    <UnitTestResult executionId="0c804388-722f-4570-a74c-7e0291fb7794" testId="f4a120b0-2e65-410f-4b9e-4ce8c67cf36c" testName="GetMaxValueTest1" computerName="DP-PC-N56" duration="00:00:00.0031331" startTime="2015-02-09T23:19:47.8755247+08:00" endTime="2015-02-09T23:19:47.8829142+08:00" testType="13cdc9d9-ddb5-4fa4-a97d-d965ccfc6d4b" outcome="Failed" testListId="8c84fa94-04c1-424b-9868-57a2d4851a1d" relativeResultsDirectory="0c804388-722f-4570-a74c-7e0291fb7794">
      <Output>
        <ErrorInfo>
          <Message>测试方法 Core.DP.Test.SqlServerDALTest.GetMaxValueTest1 引发了异常: 
System.Data.SqlClient.SqlException: 无法打开登录所请求的数据库 "CallThink_sheitc"。登录失败。
用户 'sa' 登录失败。</Message>
          <StackTrace>    在 System.Data.ProviderBase.DbConnectionPool.TryGetConnection(DbConnection owningObject, UInt32 waitForMultipleObjectsTimeout, Boolean allowCreate, Boolean onlyOneCheckConnection, DbConnectionOptions userOptions, DbConnectionInternal&amp; connection)
   在 System.Data.ProviderBase.DbConnectionPool.TryGetConnection(DbConnection owningObject, TaskCompletionSource`1 retry, DbConnectionOptions userOptions, DbConnectionInternal&amp; connection)
   在 System.Data.ProviderBase.DbConnectionFactory.TryGetConnection(DbConnection owningConnection, TaskCompletionSource`1 retry, DbConnectionOptions userOptions, DbConnectionInternal oldConnection, DbConnectionInternal&amp; connection)
   在 System.Data.ProviderBase.DbConnectionInternal.TryOpenConnectionInternal(DbConnection outerConnection, DbConnectionFactory connectionFactory, TaskCompletionSource`1 retry, DbConnectionOptions userOptions)
   在 System.Data.ProviderBase.DbConnectionClosed.TryOpenConnection(DbConnection outerConnection, DbConnectionFactory connectionFactory, TaskCompletionSource`1 retry, DbConnectionOptions userOptions)
   在 System.Data.SqlClient.SqlConnection.TryOpenInner(TaskCompletionSource`1 retry)
   在 System.Data.SqlClient.SqlConnection.TryOpen(TaskCompletionSource`1 retry)
   在 System.Data.SqlClient.SqlConnection.Open()
   在 DP.Data.SqlClient.SqlHelper.ExecuteScalar(String connectionString, CommandType cmdType, String cmdText, DbParameter[] commandParameters) 位置 E:\董平\工作\工具集\代码\DPNetFx4\DP\Core\DP\Data\SqlClient\SqlHelper.cs:行号 764
   在 DP.Data.SqlClient.SqlServerDAL.GetMaxValue[T](String Field, List`1 conditions, String tableName) 位置 E:\董平\工作\工具集\代码\DPNetFx4\DP\Core\DP\Data\SqlClient\SqlServerDAL.cs:行号 1796
   在 Core.DP.Test.SqlServerDALTest.GetMaxValueTest1() 位置 E:\董平\工作\工具集\代码\DPNetFx4\DP\Test\Core.DP.Test\SqlServerDALTest.cs:行号 941
</StackTrace>
        </ErrorInfo>
      </Output>
    </UnitTestResult>
    <UnitTestResult executionId="22d8457c-32ff-4ec2-9ca5-bb7a6672f0f1" testId="fc2c52e8-4329-e872-8ce0-4162fdc6d02c" testName="GetMaxValueTest" computerName="DP-PC-N56" duration="00:00:00.0033035" startTime="2015-02-09T23:19:47.8871460+08:00" endTime="2015-02-09T23:19:47.8941504+08:00" testType="13cdc9d9-ddb5-4fa4-a97d-d965ccfc6d4b" outcome="Failed" testListId="8c84fa94-04c1-424b-9868-57a2d4851a1d" relativeResultsDirectory="22d8457c-32ff-4ec2-9ca5-bb7a6672f0f1">
      <Output>
        <ErrorInfo>
          <Message>测试方法 Core.DP.Test.SqlServerDALTest.GetMaxValueTest 引发了异常: 
System.Data.SqlClient.SqlException: 无法打开登录所请求的数据库 "CallThink_sheitc"。登录失败。
用户 'sa' 登录失败。</Message>
          <StackTrace>    在 System.Data.ProviderBase.DbConnectionPool.TryGetConnection(DbConnection owningObject, UInt32 waitForMultipleObjectsTimeout, Boolean allowCreate, Boolean onlyOneCheckConnection, DbConnectionOptions userOptions, DbConnectionInternal&amp; connection)
   在 System.Data.ProviderBase.DbConnectionPool.TryGetConnection(DbConnection owningObject, TaskCompletionSource`1 retry, DbConnectionOptions userOptions, DbConnectionInternal&amp; connection)
   在 System.Data.ProviderBase.DbConnectionFactory.TryGetConnection(DbConnection owningConnection, TaskCompletionSource`1 retry, DbConnectionOptions userOptions, DbConnectionInternal oldConnection, DbConnectionInternal&amp; connection)
   在 System.Data.ProviderBase.DbConnectionInternal.TryOpenConnectionInternal(DbConnection outerConnection, DbConnectionFactory connectionFactory, TaskCompletionSource`1 retry, DbConnectionOptions userOptions)
   在 System.Data.ProviderBase.DbConnectionClosed.TryOpenConnection(DbConnection outerConnection, DbConnectionFactory connectionFactory, TaskCompletionSource`1 retry, DbConnectionOptions userOptions)
   在 System.Data.SqlClient.SqlConnection.TryOpenInner(TaskCompletionSource`1 retry)
   在 System.Data.SqlClient.SqlConnection.TryOpen(TaskCompletionSource`1 retry)
   在 System.Data.SqlClient.SqlConnection.Open()
   在 DP.Data.SqlClient.SqlHelper.ExecuteScalar(String connectionString, CommandType cmdType, String cmdText, DbParameter[] commandParameters) 位置 E:\董平\工作\工具集\代码\DPNetFx4\DP\Core\DP\Data\SqlClient\SqlHelper.cs:行号 764
   在 DP.Data.SqlClient.SqlServerDAL.GetMaxValue[T](String Field, List`1 conditions, String tableName) 位置 E:\董平\工作\工具集\代码\DPNetFx4\DP\Core\DP\Data\SqlClient\SqlServerDAL.cs:行号 1796
   在 DP.Data.SqlClient.SqlServerDAL.GetMaxValue[T](String Field, String tableName) 位置 E:\董平\工作\工具集\代码\DPNetFx4\DP\Core\DP\Data\SqlClient\SqlServerDAL.cs:行号 1763
   在 Core.DP.Test.SqlServerDALTest.GetMaxValueTest() 位置 E:\董平\工作\工具集\代码\DPNetFx4\DP\Test\Core.DP.Test\SqlServerDALTest.cs:行号 926
</StackTrace>
        </ErrorInfo>
      </Output>
    </UnitTestResult>
  </Results>
</TestRun>